<?xml version="1.0" encoding="UTF-8"?>
<testsuites name="Sanity" time="364.84" tests="5" failures="1" errors="0">
   <testsuite name="Sanity" tests="5" failures="1" errors="0" time="364.84" skipped="0" timestamp="2023-07-09 23:22:53" hostname="Jalal - 192.168.0.109" id="Test Suites/Sanity">
      <properties>
         <property name="deviceName" value=""/>
         <property name="devicePlatform" value=""/>
         <property name="logFolder" value="C:\\Users\\Jalal\\git\\XtriaSuit\\Reports\\20230709_232249\\Sanity\\20230709_232249"/>
         <property name="logFiles" value="C:\\Users\\Jalal\\git\\XtriaSuit\\Reports\\20230709_232249\\Sanity\\20230709_232249\\execution0.log"/>
         <property name="attachments" value="C:\\Users\\Jalal\\git\\XtriaSuit\\Reports\\20230709_232249\\Sanity\\20230709_232249\\1688927336483.png, C:\\Users\\Jalal\\git\\XtriaSuit\\Reports\\20230709_232249\\Sanity\\20230709_232249\\1688927337117.png, C:\\Users\\Jalal\\git\\XtriaSuit\\Reports\\20230709_232249\\Sanity\\20230709_232249\\1688927337795.png, C:\\Users\\Jalal\\git\\XtriaSuit\\Reports\\20230709_232249\\Sanity\\20230709_232249\\1688927338497.png"/>
         <property name="hostName" value="Jalal - 192.168.0.109"/>
         <property name="os" value="Windows 10 64bit"/>
         <property name="katalonVersion" value="8.6.5.208"/>
         <property name="browser" value="Chrome 114.0.0.0"/>
         <property name="hostAddress" value="192.168.0.109"/>
         <property name="sessionId" value="3900a686cb3a80e345332172fa3556e9"/>
         <property name="seleniumVersion" value="3.141.59"/>
         <property name="proxyInformation" value="ProxyInformation { proxyOption=NO_PROXY, proxyServerType=HTTP, username=, password=********, proxyServerAddress=, proxyServerPort=0, executionList=&quot;&quot;, isApplyToDesiredCapabilities=true }"/>
         <property name="platform" value="Windows 10"/>
      </properties>
      <testcase name="Test Cases/Sanity/SIQ-TC-12402" time="140.723" classname="Test Cases/Sanity/SIQ-TC-12402" status="PASSED">
         <system-out><![CDATA[2023-07-09 23:22:54 - [TEST_CASE][PASSED] - Test Cases/Sanity/SIQ-TC-12402: Test Cases/Sanity/SIQ-TC-12402

2023-07-09 23:22:55 - [TEST_STEP][PASSED] - callTestCase(findTestCase("Login Logout/Login"), [:], STOP_ON_FAILURE): Call Test Case 'Test Cases/Login Logout/Login' successfully

2023-07-09 23:22:55 - [TEST_CASE][PASSED] - Test Cases/Login Logout/Login: Test Cases/Login Logout/Login

2023-07-09 23:22:56 - [TEST_STEP][PASSED] - openBrowser(""): Browser is opened with url: ''

2023-07-09 23:22:56 - [MESSAGE][INFO] - Starting 'Chrome' driver

2023-07-09 23:22:56 - [MESSAGE][INFO] - User set preference: ['prefs', '{profile.default_content_setting_values.notifications=1.0}']

2023-07-09 23:22:56 - [MESSAGE][INFO] - Action delay is set to 0 milliseconds

2023-07-09 23:22:59 - [MESSAGE][PASSED] - Browser is opened with url: ''

2023-07-09 23:22:59 - [TEST_STEP][PASSED] - maximizeWindow(): Current window maximized

2023-07-09 23:22:59 - [MESSAGE][PASSED] - Current window maximized

2023-07-09 23:22:59 - [TEST_STEP][PASSED] - navigateToUrl("https://login.salesforce.com/"): Navigate to 'https://login.salesforce.com/' successfully

2023-07-09 23:23:03 - [MESSAGE][PASSED] - Navigate to 'https://login.salesforce.com/' successfully

2023-07-09 23:23:03 - [TEST_STEP][PASSED] - verifyElementText(findTestObject("Object Repository/Login/Page_Login  Salesforce/label_Username"), "Username"): Actual text and expected text of test object 'Object Repository/Login/Page_Login  Salesforce/label_Username' are matched.

2023-07-09 23:23:04 - [MESSAGE][PASSED] - Actual text and expected text of test object 'Object Repository/Login/Page_Login  Salesforce/label_Username' are matched.

2023-07-09 23:23:04 - [TEST_STEP][PASSED] - setText(findTestObject("Object Repository/Login/Page_Login  Salesforce/input_Username_username"), "vinod.bendre@axtria.com.int"): Text 'vinod.bendre@axtria.com.int' is set on object 'Object Repository/Login/Page_Login  Salesforce/input_Username_username'

2023-07-09 23:23:05 - [MESSAGE][PASSED] - Text 'vinod.bendre@axtria.com.int' is set on object 'Object Repository/Login/Page_Login  Salesforce/input_Username_username'

2023-07-09 23:23:05 - [TEST_STEP][PASSED] - setEncryptedText(findTestObject("Object Repository/Login/Page_Login  Salesforce/input_Password_pw"), "uXlRb1kGYHM+iH3zWjUAbA=="): Text ****** has been set on object 'Object Repository/Login/Page_Login  Salesforce/input_Password_pw'

2023-07-09 23:23:06 - [MESSAGE][PASSED] - Text ****** has been set on object 'Object Repository/Login/Page_Login  Salesforce/input_Password_pw'

2023-07-09 23:23:06 - [TEST_STEP][PASSED] - click(findTestObject("Object Repository/Login/Page_Login  Salesforce/input_Password_Login")): Object: 'Object Repository/Login/Page_Login  Salesforce/input_Password_Login' is clicked on

2023-07-09 23:23:23 - [MESSAGE][PASSED] - Object: 'Object Repository/Login/Page_Login  Salesforce/input_Password_Login' is clicked on

2023-07-09 23:23:23 - [TEST_STEP][PASSED] - waitForElementVisible(findTestObject("Object Repository/Login/Page_SalesIQ Home  Salesforce/span_SalesIQ Home"), 0): Object 'Object Repository/Login/Page_SalesIQ Home  Salesforce/span_SalesIQ Home' is visible

2023-07-09 23:23:23 - [MESSAGE][WARNING] - Timeout '0' is invalid. Using default page load timeout: '30'

2023-07-09 23:23:25 - [MESSAGE][PASSED] - Object 'Object Repository/Login/Page_SalesIQ Home  Salesforce/span_SalesIQ Home' is visible

2023-07-09 23:23:25 - [TEST_STEP][PASSED] - delay(4): Delayed 4 second(s)

2023-07-09 23:23:29 - [MESSAGE][PASSED] - Delayed 4 second(s)

2023-07-09 23:23:29 - [MESSAGE][PASSED] - Call Test Case 'Test Cases/Login Logout/Login' successfully

2023-07-09 23:23:29 - [TEST_STEP][PASSED] - delay(6): Delayed 6 second(s)

2023-07-09 23:23:35 - [MESSAGE][PASSED] - Delayed 6 second(s)

2023-07-09 23:23:35 - [TEST_STEP][PASSED] - waitForElementVisible(findTestObject("Object Repository/New Folder/Page_SalesIQ Home  Salesforce/span_Quota Refinement"), 10): Object 'Object Repository/New Folder/Page_SalesIQ Home  Salesforce/span_Quota Refinement' is visible

2023-07-09 23:23:35 - [MESSAGE][PASSED] - Object 'Object Repository/New Folder/Page_SalesIQ Home  Salesforce/span_Quota Refinement' is visible

2023-07-09 23:23:35 - [TEST_STEP][PASSED] - click(findTestObject("Object Repository/New Folder/Page_SalesIQ Home  Salesforce/span_Quota Refinement"), STOP_ON_FAILURE): Object: 'Object Repository/New Folder/Page_SalesIQ Home  Salesforce/span_Quota Refinement' is clicked on

2023-07-09 23:23:36 - [MESSAGE][PASSED] - Object: 'Object Repository/New Folder/Page_SalesIQ Home  Salesforce/span_Quota Refinement' is clicked on

2023-07-09 23:23:36 - [TEST_STEP][PASSED] - click(findTestObject("Object Repository/New Folder/Page_SalesIQ Home  Salesforce/span_Quota Refinement")): Object: 'Object Repository/New Folder/Page_SalesIQ Home  Salesforce/span_Quota Refinement' is clicked on

2023-07-09 23:23:37 - [MESSAGE][PASSED] - Object: 'Object Repository/New Folder/Page_SalesIQ Home  Salesforce/span_Quota Refinement' is clicked on

2023-07-09 23:23:37 - [TEST_STEP][PASSED] - waitForElementVisible(findTestObject("Object Repository/New Folder/Page_Lightning Experience  Salesforce/button_Show All"), 10): Object 'Object Repository/New Folder/Page_Lightning Experience  Salesforce/button_Show All' is visible

2023-07-09 23:23:44 - [MESSAGE][PASSED] - Object 'Object Repository/New Folder/Page_Lightning Experience  Salesforce/button_Show All' is visible

2023-07-09 23:23:44 - [TEST_STEP][PASSED] - rightClick(findTestObject("Object Repository/New Folder/Page_Lightning Experience  Salesforce/button_Show All")): Object: 'Object Repository/New Folder/Page_Lightning Experience  Salesforce/button_Show All' is right clicked on

2023-07-09 23:23:46 - [MESSAGE][PASSED] - Object: 'Object Repository/New Folder/Page_Lightning Experience  Salesforce/button_Show All' is right clicked on

2023-07-09 23:23:46 - [TEST_STEP][PASSED] - click(findTestObject("Object Repository/New Folder/Page_Lightning Experience  Salesforce/button_New Folder")): Object: 'Object Repository/New Folder/Page_Lightning Experience  Salesforce/button_New Folder' is clicked on

2023-07-09 23:23:47 - [MESSAGE][PASSED] - Object: 'Object Repository/New Folder/Page_Lightning Experience  Salesforce/button_New Folder' is clicked on

2023-07-09 23:23:47 - [TEST_STEP][PASSED] - waitForElementVisible(findTestObject("Object Repository/New Folder/Page_Lightning Experience  Salesforce/div_Name"), 10): Object 'Object Repository/New Folder/Page_Lightning Experience  Salesforce/div_Name' is visible

2023-07-09 23:23:48 - [MESSAGE][PASSED] - Object 'Object Repository/New Folder/Page_Lightning Experience  Salesforce/div_Name' is visible

2023-07-09 23:23:48 - [TEST_STEP][PASSED] - setText(findTestObject("Object Repository/New Folder/Page_Lightning Experience  Salesforce/input_Name_FolderName"), QL): Text '!Ak' is set on object 'Object Repository/New Folder/Page_Lightning Experience  Salesforce/input_Name_FolderName'

2023-07-09 23:23:51 - [MESSAGE][PASSED] - Text '!Ak' is set on object 'Object Repository/New Folder/Page_Lightning Experience  Salesforce/input_Name_FolderName'

2023-07-09 23:23:51 - [TEST_STEP][PASSED] - click(findTestObject("Object Repository/New Folder/Page_Lightning Experience  Salesforce/input_Name_slds-button slds-button_brand")): Object: 'Object Repository/New Folder/Page_Lightning Experience  Salesforce/input_Name_slds-button slds-button_brand' is clicked on

2023-07-09 23:23:52 - [MESSAGE][PASSED] - Object: 'Object Repository/New Folder/Page_Lightning Experience  Salesforce/input_Name_slds-button slds-button_brand' is clicked on

2023-07-09 23:23:52 - [TEST_STEP][PASSED] - scrollToElement(findTestObject("Object Repository/New Folder/Page_Lightning Experience  Salesforce/button_12345"), 0): Scroll to object 'Object Repository/New Folder/Page_Lightning Experience  Salesforce/button_12345' successfully

2023-07-09 23:23:52 - [MESSAGE][WARNING] - Timeout '0' is invalid. Using default page load timeout: '30'

2023-07-09 23:23:56 - [MESSAGE][PASSED] - Scroll to object 'Object Repository/New Folder/Page_Lightning Experience  Salesforce/button_12345' successfully

2023-07-09 23:23:56 - [TEST_STEP][PASSED] - click(findTestObject("Object Repository/New Folder/Page_Lightning Experience  Salesforce/button_12345")): Object: 'Object Repository/New Folder/Page_Lightning Experience  Salesforce/button_12345' is clicked on

2023-07-09 23:23:56 - [MESSAGE][PASSED] - Object: 'Object Repository/New Folder/Page_Lightning Experience  Salesforce/button_12345' is clicked on

2023-07-09 23:23:56 - [TEST_STEP][PASSED] - waitForElementVisible(findTestObject("Object Repository/New Folder/Page_Lightning Experience  Salesforce/button_New Quota Refinement"), 0): Object 'Object Repository/New Folder/Page_Lightning Experience  Salesforce/button_New Quota Refinement' is visible

2023-07-09 23:23:56 - [MESSAGE][WARNING] - Timeout '0' is invalid. Using default page load timeout: '30'

2023-07-09 23:23:57 - [MESSAGE][PASSED] - Object 'Object Repository/New Folder/Page_Lightning Experience  Salesforce/button_New Quota Refinement' is visible

2023-07-09 23:23:57 - [TEST_STEP][PASSED] - waitForElementVisible(findTestObject("Object Repository/New Folder/Page_Lightning Experience  Salesforce/button_New Quota Refinement"), 0): Object 'Object Repository/New Folder/Page_Lightning Experience  Salesforce/button_New Quota Refinement' is visible

2023-07-09 23:23:57 - [MESSAGE][WARNING] - Timeout '0' is invalid. Using default page load timeout: '30'

2023-07-09 23:23:58 - [MESSAGE][PASSED] - Object 'Object Repository/New Folder/Page_Lightning Experience  Salesforce/button_New Quota Refinement' is visible

2023-07-09 23:23:58 - [TEST_STEP][PASSED] - click(findTestObject("Object Repository/New Folder/Page_Lightning Experience  Salesforce/button_New Quota Refinement")): Object: 'Object Repository/New Folder/Page_Lightning Experience  Salesforce/button_New Quota Refinement' is clicked on

2023-07-09 23:23:58 - [MESSAGE][PASSED] - Object: 'Object Repository/New Folder/Page_Lightning Experience  Salesforce/button_New Quota Refinement' is clicked on

2023-07-09 23:23:58 - [TEST_STEP][NOT_RUN] - click(findTestObject("Object Repository/New Folder/Page_Lightning Experience  Salesforce/lightning-spinner_Loading")): NOT_RUN: click(findTestObject("Object Repository/New Folder/Page_Lightning Experience  Salesforce/lightning-spinner_Loading"))

2023-07-09 23:23:58 - [MESSAGE][NOT_RUN] - NOT_RUN: click(findTestObject("Object Repository/New Folder/Page_Lightning Experience  Salesforce/lightning-spinner_Loading"))

2023-07-09 23:23:58 - [TEST_STEP][NOT_RUN] - click(findTestObject("Object Repository/New Folder/Page_Lightning Experience  Salesforce/input_Name_quotaName")): NOT_RUN: click(findTestObject("Object Repository/New Folder/Page_Lightning Experience  Salesforce/input_Name_quotaName"))

2023-07-09 23:23:58 - [MESSAGE][NOT_RUN] - NOT_RUN: click(findTestObject("Object Repository/New Folder/Page_Lightning Experience  Salesforce/input_Name_quotaName"))

2023-07-09 23:23:58 - [TEST_STEP][PASSED] - now = new java.util.Date(): null

2023-07-09 23:23:58 - [TEST_STEP][PASSED] - val = now.format("yyyy-mm-dd HH:mm:s"): null

2023-07-09 23:23:58 - [TEST_STEP][PASSED] - println("Test" + val): null

2023-07-09 23:23:58 - [TEST_STEP][PASSED] - Nameof = val: null

2023-07-09 23:23:58 - [TEST_STEP][PASSED] - println("GVB" + Nameof): null

2023-07-09 23:23:58 - [TEST_STEP][NOT_RUN] - setText(findTestObject("Object Repository/New Folder/Page_Lightning Experience  Salesforce/input_Name_quotaName"), val): NOT_RUN: setText(findTestObject("Object Repository/New Folder/Page_Lightning Experience  Salesforce/input_Name_quotaName"), val)

2023-07-09 23:23:58 - [MESSAGE][NOT_RUN] - NOT_RUN: setText(findTestObject("Object Repository/New Folder/Page_Lightning Experience  Salesforce/input_Name_quotaName"), val)

2023-07-09 23:23:58 - [TEST_STEP][PASSED] - setText(findTestObject("Object Repository/New Folder/Page_Lightning Experience  Salesforce/input_Name_quotaName"), val): Text '2023-23-09 23:23:58' is set on object 'Object Repository/New Folder/Page_Lightning Experience  Salesforce/input_Name_quotaName'

2023-07-09 23:24:01 - [MESSAGE][PASSED] - Text '2023-23-09 23:23:58' is set on object 'Object Repository/New Folder/Page_Lightning Experience  Salesforce/input_Name_quotaName'

2023-07-09 23:24:01 - [TEST_STEP][PASSED] - delay(8): Delayed 8 second(s)

2023-07-09 23:24:09 - [MESSAGE][PASSED] - Delayed 8 second(s)

2023-07-09 23:24:09 - [TEST_STEP][PASSED] - click(findTestObject("Object Repository/New Folder/Page_Lightning Experience  Salesforce/lightning-spinner_Loading")): Object: 'Object Repository/New Folder/Page_Lightning Experience  Salesforce/lightning-spinner_Loading' is clicked on

2023-07-09 23:24:09 - [MESSAGE][PASSED] - Object: 'Object Repository/New Folder/Page_Lightning Experience  Salesforce/lightning-spinner_Loading' is clicked on

2023-07-09 23:24:09 - [TEST_STEP][NOT_RUN] - click(findTestObject("Object Repository/New Folder/Page_Lightning Experience  Salesforce/div_Business UnitBusiness UnitVacAllergybuB_99ca2d")): NOT_RUN: click(findTestObject("Object Repository/New Folder/Page_Lightning Experience  Salesforce/div_Business UnitBusiness UnitVacAllergybuB_99ca2d"))

2023-07-09 23:24:09 - [MESSAGE][NOT_RUN] - NOT_RUN: click(findTestObject("Object Repository/New Folder/Page_Lightning Experience  Salesforce/div_Business UnitBusiness UnitVacAllergybuB_99ca2d"))

2023-07-09 23:24:09 - [TEST_STEP][PASSED] - click(findTestObject("Object Repository/New Folder/Page_Lightning Experience  Salesforce/button_Select Business Unit")): Object: 'Object Repository/New Folder/Page_Lightning Experience  Salesforce/button_Select Business Unit' is clicked on

2023-07-09 23:24:10 - [MESSAGE][PASSED] - Object: 'Object Repository/New Folder/Page_Lightning Experience  Salesforce/button_Select Business Unit' is clicked on

2023-07-09 23:24:10 - [TEST_STEP][PASSED] - click(findTestObject("Object Repository/New Folder/Page_Lightning Experience  Salesforce/span_Vac")): Object: 'Object Repository/New Folder/Page_Lightning Experience  Salesforce/span_Vac' is clicked on

2023-07-09 23:24:11 - [MESSAGE][PASSED] - Object: 'Object Repository/New Folder/Page_Lightning Experience  Salesforce/span_Vac' is clicked on

2023-07-09 23:24:11 - [TEST_STEP][PASSED] - click(findTestObject("Object Repository/New Folder/Page_Lightning Experience  Salesforce/button_Select Team")): Object: 'Object Repository/New Folder/Page_Lightning Experience  Salesforce/button_Select Team' is clicked on

2023-07-09 23:24:12 - [MESSAGE][PASSED] - Object: 'Object Repository/New Folder/Page_Lightning Experience  Salesforce/button_Select Team' is clicked on

2023-07-09 23:24:12 - [TEST_STEP][PASSED] - click(findTestObject("Object Repository/New Folder/Page_Lightning Experience  Salesforce/span_Alpha")): Object: 'Object Repository/New Folder/Page_Lightning Experience  Salesforce/span_Alpha' is clicked on

2023-07-09 23:24:12 - [MESSAGE][PASSED] - Object: 'Object Repository/New Folder/Page_Lightning Experience  Salesforce/span_Alpha' is clicked on

2023-07-09 23:24:12 - [TEST_STEP][NOT_RUN] - click(findTestObject("Object Repository/New Folder/Page_Lightning Experience  Salesforce/div_ProductSelect ProductAllCRESMBAGARDASIL_ddc9a7")): NOT_RUN: click(findTestObject("Object Repository/New Folder/Page_Lightning Experience  Salesforce/div_ProductSelect ProductAllCRESMBAGARDASIL_ddc9a7"))

2023-07-09 23:24:12 - [MESSAGE][NOT_RUN] - NOT_RUN: click(findTestObject("Object Repository/New Folder/Page_Lightning Experience  Salesforce/div_ProductSelect ProductAllCRESMBAGARDASIL_ddc9a7"))

2023-07-09 23:24:12 - [TEST_STEP][PASSED] - delay(8): Delayed 8 second(s)

2023-07-09 23:24:21 - [MESSAGE][PASSED] - Delayed 8 second(s)

2023-07-09 23:24:21 - [TEST_STEP][PASSED] - click(findTestObject("Object Repository/New Folder/Page_Lightning Experience  Salesforce/button_Select Product")): Object: 'Object Repository/New Folder/Page_Lightning Experience  Salesforce/button_Select Product' is clicked on

2023-07-09 23:24:21 - [MESSAGE][PASSED] - Object: 'Object Repository/New Folder/Page_Lightning Experience  Salesforce/button_Select Product' is clicked on

2023-07-09 23:24:21 - [TEST_STEP][PASSED] - click(findTestObject("Object Repository/New Folder/Page_Lightning Experience  Salesforce/span_GARDASIL")): Object: 'Object Repository/New Folder/Page_Lightning Experience  Salesforce/span_GARDASIL' is clicked on

2023-07-09 23:24:22 - [MESSAGE][PASSED] - Object: 'Object Repository/New Folder/Page_Lightning Experience  Salesforce/span_GARDASIL' is clicked on

2023-07-09 23:24:22 - [TEST_STEP][PASSED] - click(findTestObject("Object Repository/New Folder/Page_Lightning Experience  Salesforce/button_Select Time Period")): Object: 'Object Repository/New Folder/Page_Lightning Experience  Salesforce/button_Select Time Period' is clicked on

2023-07-09 23:24:22 - [MESSAGE][PASSED] - Object: 'Object Repository/New Folder/Page_Lightning Experience  Salesforce/button_Select Time Period' is clicked on

2023-07-09 23:24:22 - [TEST_STEP][PASSED] - click(findTestObject("Object Repository/New Folder/Page_Lightning Experience  Salesforce/span_Daily")): Object: 'Object Repository/New Folder/Page_Lightning Experience  Salesforce/span_Daily' is clicked on

2023-07-09 23:24:23 - [MESSAGE][PASSED] - Object: 'Object Repository/New Folder/Page_Lightning Experience  Salesforce/span_Daily' is clicked on

2023-07-09 23:24:23 - [TEST_STEP][PASSED] - setText(findTestObject("Object Repository/New Folder/Page_Lightning Experience  Salesforce/input_Date_date"), "7/4/2004"): Text '7/4/2004' is set on object 'Object Repository/New Folder/Page_Lightning Experience  Salesforce/input_Date_date'

2023-07-09 23:24:24 - [MESSAGE][PASSED] - Text '7/4/2004' is set on object 'Object Repository/New Folder/Page_Lightning Experience  Salesforce/input_Date_date'

2023-07-09 23:24:24 - [TEST_STEP][PASSED] - delay(5): Delayed 5 second(s)

2023-07-09 23:24:29 - [MESSAGE][PASSED] - Delayed 5 second(s)

2023-07-09 23:24:29 - [TEST_STEP][PASSED] - click(findTestObject("Object Repository/New Folder/Page_Lightning Experience  Salesforce/button_Cancel and close")): Object: 'Object Repository/New Folder/Page_Lightning Experience  Salesforce/button_Cancel and close' is clicked on

2023-07-09 23:24:29 - [MESSAGE][PASSED] - Object: 'Object Repository/New Folder/Page_Lightning Experience  Salesforce/button_Cancel and close' is clicked on

2023-07-09 23:24:29 - [TEST_STEP][PASSED] - click(findTestObject("Object Repository/New Folder/Page_Lightning Experience  Salesforce/button_Cancel and close")): Object: 'Object Repository/New Folder/Page_Lightning Experience  Salesforce/button_Cancel and close' is clicked on

2023-07-09 23:24:31 - [MESSAGE][PASSED] - Object: 'Object Repository/New Folder/Page_Lightning Experience  Salesforce/button_Cancel and close' is clicked on

2023-07-09 23:24:31 - [TEST_STEP][PASSED] - delay(5): Delayed 5 second(s)

2023-07-09 23:24:36 - [MESSAGE][PASSED] - Delayed 5 second(s)

2023-07-09 23:24:36 - [TEST_STEP][PASSED] - click(findTestObject("Object Repository/New Folder/Page_Lightning Experience  Salesforce/input_Super Admin Integration_roster-group")): Object: 'Object Repository/New Folder/Page_Lightning Experience  Salesforce/input_Super Admin Integration_roster-group' is clicked on

2023-07-09 23:24:37 - [MESSAGE][PASSED] - Object: 'Object Repository/New Folder/Page_Lightning Experience  Salesforce/input_Super Admin Integration_roster-group' is clicked on

2023-07-09 23:24:37 - [TEST_STEP][PASSED] - delay(8): Delayed 8 second(s)

2023-07-09 23:24:45 - [MESSAGE][PASSED] - Delayed 8 second(s)

2023-07-09 23:24:45 - [TEST_STEP][PASSED] - click(findTestObject("Object Repository/New Folder/Page_Lightning Experience  Salesforce/button_Save")): Object: 'Object Repository/New Folder/Page_Lightning Experience  Salesforce/button_Save' is clicked on

2023-07-09 23:24:46 - [MESSAGE][PASSED] - Object: 'Object Repository/New Folder/Page_Lightning Experience  Salesforce/button_Save' is clicked on

2023-07-09 23:24:46 - [TEST_STEP][PASSED] - click(findTestObject("Object Repository/New Folder/Page_Lightning Experience  Salesforce/button_Next")): Object: 'Object Repository/New Folder/Page_Lightning Experience  Salesforce/button_Next' is clicked on

2023-07-09 23:24:46 - [MESSAGE][PASSED] - Object: 'Object Repository/New Folder/Page_Lightning Experience  Salesforce/button_Next' is clicked on

2023-07-09 23:24:46 - [TEST_STEP][PASSED] - click(findTestObject("Object Repository/New Folder/Page_Lightning Experience  Salesforce/button_Next_1")): Object: 'Object Repository/New Folder/Page_Lightning Experience  Salesforce/button_Next_1' is clicked on

2023-07-09 23:25:10 - [MESSAGE][PASSED] - Object: 'Object Repository/New Folder/Page_Lightning Experience  Salesforce/button_Next_1' is clicked on

2023-07-09 23:25:10 - [TEST_STEP][PASSED] - click(findTestObject("Object Repository/New Folder/Page_Lightning Experience  Salesforce/button_Generate Cycle")): Object: 'Object Repository/New Folder/Page_Lightning Experience  Salesforce/button_Generate Cycle' is clicked on

2023-07-09 23:25:15 - [MESSAGE][PASSED] - Object: 'Object Repository/New Folder/Page_Lightning Experience  Salesforce/button_Generate Cycle' is clicked on]]></system-out>
         <system-err><![CDATA[]]></system-err>
      </testcase>
      <testcase name="Test Cases/Sanity/SIQ-TC-12405" time="94.999" classname="Test Cases/Sanity/SIQ-TC-12405" status="PASSED">
         <system-out><![CDATA[2023-07-09 23:25:15 - [TEST_CASE][PASSED] - Test Cases/Sanity/SIQ-TC-12405: Test Cases/Sanity/SIQ-TC-12405

2023-07-09 23:25:15 - [TEST_STEP][PASSED] - waitForElementVisible(findTestObject("Object Repository/New Folder (1)/Deligate HO/Page_Lightning Experience  Salesforce/button_View Full Hierarchy"), 0): Object 'Object Repository/New Folder (1)/Deligate HO/Page_Lightning Experience  Salesforce/button_View Full Hierarchy' is not visible after 30 second(s)

2023-07-09 23:25:15 - [MESSAGE][WARNING] - Timeout '0' is invalid. Using default page load timeout: '30'

2023-07-09 23:25:46 - [MESSAGE][WARNING] - Object 'Object Repository/New Folder (1)/Deligate HO/Page_Lightning Experience  Salesforce/button_View Full Hierarchy' is not visible after 30 second(s)

2023-07-09 23:25:46 - [TEST_STEP][PASSED] - waitForElementVisible(findTestObject("Object Repository/New Folder (1)/Deligate HO/Page_Lightning Experience  Salesforce/label_Product"), 30): Object 'Object Repository/New Folder (1)/Deligate HO/Page_Lightning Experience  Salesforce/label_Product' is visible

2023-07-09 23:26:17 - [MESSAGE][INFO] - Unable to find the element located by 'By.xpath: //div[@id='navbar-inputs-1796']/lightning-combobox/label'. Please recheck the objects properties to make sure the desired element is located. 

2023-07-09 23:26:17 - [MESSAGE][WARNING] - [SELF-HEALING] Failed to find element with id 'Object Repository/New Folder (1)/Deligate HO/Page_Lightning Experience  Salesforce/label_Product'. Try using Self-healing.

2023-07-09 23:26:17 - [MESSAGE][WARNING] - [SELF-HEALING] The current locator of test object 'Object Repository/New Folder (1)/Deligate HO/Page_Lightning Experience  Salesforce/label_Product' was broken. Propose an alternative one: '//div[2]/lightning-combobox/label'.

2023-07-09 23:26:17 - [MESSAGE][PASSED] - Object 'Object Repository/New Folder (1)/Deligate HO/Page_Lightning Experience  Salesforce/label_Product' is visible

2023-07-09 23:26:17 - [TEST_STEP][PASSED] - click(findTestObject("Object Repository/New Folder (1)/Deligate HO/Page_Lightning Experience  Salesforce/button_Submit")): Object: 'Object Repository/New Folder (1)/Deligate HO/Page_Lightning Experience  Salesforce/button_Submit' is clicked on

2023-07-09 23:26:18 - [MESSAGE][PASSED] - Object: 'Object Repository/New Folder (1)/Deligate HO/Page_Lightning Experience  Salesforce/button_Submit' is clicked on

2023-07-09 23:26:18 - [TEST_STEP][PASSED] - delay(6): Delayed 6 second(s)

2023-07-09 23:26:24 - [MESSAGE][PASSED] - Delayed 6 second(s)

2023-07-09 23:26:24 - [TEST_STEP][PASSED] - click(findTestObject("Object Repository/New Folder/Copy QR/Page_Lightning Experience  Salesforce/lightning-primitive-icon")): Object: 'Object Repository/New Folder/Copy QR/Page_Lightning Experience  Salesforce/lightning-primitive-icon' is clicked on

2023-07-09 23:26:25 - [MESSAGE][PASSED] - Object: 'Object Repository/New Folder/Copy QR/Page_Lightning Experience  Salesforce/lightning-primitive-icon' is clicked on

2023-07-09 23:26:25 - [TEST_STEP][PASSED] - click(findTestObject("Object Repository/New Folder/Copy QR/Page_Lightning Experience  Salesforce/lightning-primitive-icon")): Object: 'Object Repository/New Folder/Copy QR/Page_Lightning Experience  Salesforce/lightning-primitive-icon' is clicked on

2023-07-09 23:26:26 - [MESSAGE][PASSED] - Object: 'Object Repository/New Folder/Copy QR/Page_Lightning Experience  Salesforce/lightning-primitive-icon' is clicked on

2023-07-09 23:26:26 - [TEST_STEP][PASSED] - click(findTestObject("Object Repository/New Folder (1)/Deligate HO/Page_Lightning Experience  Salesforce/span_Delegate")): Object: 'Object Repository/New Folder (1)/Deligate HO/Page_Lightning Experience  Salesforce/span_Delegate' is clicked on

2023-07-09 23:26:27 - [MESSAGE][PASSED] - Object: 'Object Repository/New Folder (1)/Deligate HO/Page_Lightning Experience  Salesforce/span_Delegate' is clicked on

2023-07-09 23:26:27 - [TEST_STEP][PASSED] - waitForElementVisible(findTestObject("Object Repository/New Folder (1)/Deligate HO/Page_Lightning Experience  Salesforce/h1_Delegation"), 0): Object 'Object Repository/New Folder (1)/Deligate HO/Page_Lightning Experience  Salesforce/h1_Delegation' is visible

2023-07-09 23:26:27 - [MESSAGE][WARNING] - Timeout '0' is invalid. Using default page load timeout: '30'

2023-07-09 23:26:27 - [MESSAGE][PASSED] - Object 'Object Repository/New Folder (1)/Deligate HO/Page_Lightning Experience  Salesforce/h1_Delegation' is visible

2023-07-09 23:26:27 - [TEST_STEP][PASSED] - click(findTestObject("Object Repository/New Folder (1)/Deligate HO/Page_Lightning Experience  Salesforce/span_Business Unit_slds-radio_faux")): Object: 'Object Repository/New Folder (1)/Deligate HO/Page_Lightning Experience  Salesforce/span_Business Unit_slds-radio_faux' is clicked on

2023-07-09 23:26:28 - [MESSAGE][PASSED] - Object: 'Object Repository/New Folder (1)/Deligate HO/Page_Lightning Experience  Salesforce/span_Business Unit_slds-radio_faux' is clicked on

2023-07-09 23:26:28 - [TEST_STEP][PASSED] - delay(6): Delayed 6 second(s)

2023-07-09 23:26:34 - [MESSAGE][PASSED] - Delayed 6 second(s)

2023-07-09 23:26:34 - [TEST_STEP][PASSED] - scrollToElement(findTestObject("Object Repository/New Folder (1)/Deligate HO/Page_Lightning Experience  Salesforce/span_User Type_slds-checkbox_faux"), 0): Scroll to object 'Object Repository/New Folder (1)/Deligate HO/Page_Lightning Experience  Salesforce/span_User Type_slds-checkbox_faux' successfully

2023-07-09 23:26:34 - [MESSAGE][WARNING] - Timeout '0' is invalid. Using default page load timeout: '30'

2023-07-09 23:26:34 - [MESSAGE][PASSED] - Scroll to object 'Object Repository/New Folder (1)/Deligate HO/Page_Lightning Experience  Salesforce/span_User Type_slds-checkbox_faux' successfully

2023-07-09 23:26:34 - [TEST_STEP][PASSED] - click(findTestObject("Object Repository/New Folder (1)/Deligate HO/Page_Lightning Experience  Salesforce/span_User Type_slds-checkbox_faux")): Object: 'Object Repository/New Folder (1)/Deligate HO/Page_Lightning Experience  Salesforce/span_User Type_slds-checkbox_faux' is clicked on

2023-07-09 23:26:35 - [MESSAGE][PASSED] - Object: 'Object Repository/New Folder (1)/Deligate HO/Page_Lightning Experience  Salesforce/span_User Type_slds-checkbox_faux' is clicked on

2023-07-09 23:26:35 - [TEST_STEP][PASSED] - verifyElementClickable(findTestObject("Object Repository/New Folder (1)/Deligate HO/Page_Lightning Experience  Salesforce/button_Populate")): Object 'Object Repository/New Folder (1)/Deligate HO/Page_Lightning Experience  Salesforce/button_Populate' is clickable

2023-07-09 23:26:36 - [MESSAGE][PASSED] - Object 'Object Repository/New Folder (1)/Deligate HO/Page_Lightning Experience  Salesforce/button_Populate' is clickable

2023-07-09 23:26:36 - [TEST_STEP][PASSED] - click(findTestObject("Object Repository/New Folder (1)/Deligate HO/Page_Lightning Experience  Salesforce/button_Populate")): Object: 'Object Repository/New Folder (1)/Deligate HO/Page_Lightning Experience  Salesforce/button_Populate' is clicked on

2023-07-09 23:26:36 - [MESSAGE][PASSED] - Object: 'Object Repository/New Folder (1)/Deligate HO/Page_Lightning Experience  Salesforce/button_Populate' is clicked on

2023-07-09 23:26:36 - [TEST_STEP][PASSED] - verifyElementClickable(findTestObject("Object Repository/New Folder (1)/Deligate HO/Page_Lightning Experience  Salesforce/button_Proceed")): Object 'Object Repository/New Folder (1)/Deligate HO/Page_Lightning Experience  Salesforce/button_Proceed' is clickable

2023-07-09 23:26:37 - [MESSAGE][PASSED] - Object 'Object Repository/New Folder (1)/Deligate HO/Page_Lightning Experience  Salesforce/button_Proceed' is clickable

2023-07-09 23:26:37 - [TEST_STEP][PASSED] - click(findTestObject("Object Repository/New Folder (1)/Deligate HO/Page_Lightning Experience  Salesforce/button_Proceed")): Object: 'Object Repository/New Folder (1)/Deligate HO/Page_Lightning Experience  Salesforce/button_Proceed' is clicked on

2023-07-09 23:26:37 - [MESSAGE][PASSED] - Object: 'Object Repository/New Folder (1)/Deligate HO/Page_Lightning Experience  Salesforce/button_Proceed' is clicked on

2023-07-09 23:26:37 - [TEST_STEP][PASSED] - delay(6): Delayed 6 second(s)

2023-07-09 23:26:43 - [MESSAGE][PASSED] - Delayed 6 second(s)

2023-07-09 23:26:43 - [TEST_STEP][PASSED] - waitForElementVisible(findTestObject("Object Repository/New Folder/Page_SalesIQ Home  Salesforce/span_Quota Refinement"), 20): Object 'Object Repository/New Folder/Page_SalesIQ Home  Salesforce/span_Quota Refinement' is visible

2023-07-09 23:26:44 - [MESSAGE][PASSED] - Object 'Object Repository/New Folder/Page_SalesIQ Home  Salesforce/span_Quota Refinement' is visible

2023-07-09 23:26:44 - [TEST_STEP][PASSED] - delay(6): Delayed 6 second(s)

2023-07-09 23:26:50 - [MESSAGE][PASSED] - Delayed 6 second(s)]]></system-out>
         <system-err><![CDATA[]]></system-err>
      </testcase>
      <testcase name="Test Cases/Sanity/SIQ-TC-12406" time="34.692" classname="Test Cases/Sanity/SIQ-TC-12406" status="PASSED">
         <system-out><![CDATA[2023-07-09 23:26:50 - [TEST_CASE][PASSED] - Test Cases/Sanity/SIQ-TC-12406: Test Cases/Sanity/SIQ-TC-12406

2023-07-09 23:26:50 - [TEST_STEP][PASSED] - delay(6): Delayed 6 second(s)

2023-07-09 23:26:56 - [MESSAGE][PASSED] - Delayed 6 second(s)

2023-07-09 23:26:56 - [TEST_STEP][NOT_RUN] - click(findTestObject("Object Repository/Delegate Rooster/Page_Lightning Experience  Salesforce/lightning-primitive-icon (1)")): NOT_RUN: click(findTestObject("Object Repository/Delegate Rooster/Page_Lightning Experience  Salesforce/lightning-primitive-icon (1)"))

2023-07-09 23:26:56 - [MESSAGE][NOT_RUN] - NOT_RUN: click(findTestObject("Object Repository/Delegate Rooster/Page_Lightning Experience  Salesforce/lightning-primitive-icon (1)"))

2023-07-09 23:26:56 - [TEST_STEP][PASSED] - click(findTestObject("Object Repository/Delegate Rooster/Page_Lightning Experience  Salesforce/lightning-primitive-icon (1)")): Object: 'Object Repository/Delegate Rooster/Page_Lightning Experience  Salesforce/lightning-primitive-icon (1)' is clicked on

2023-07-09 23:26:57 - [MESSAGE][PASSED] - Object: 'Object Repository/Delegate Rooster/Page_Lightning Experience  Salesforce/lightning-primitive-icon (1)' is clicked on

2023-07-09 23:26:57 - [TEST_STEP][PASSED] - click(findTestObject("Object Repository/Delegate Rooster/Page_Lightning Experience  Salesforce/span_Delegate")): Object: 'Object Repository/Delegate Rooster/Page_Lightning Experience  Salesforce/span_Delegate' is clicked on

2023-07-09 23:26:57 - [MESSAGE][PASSED] - Object: 'Object Repository/Delegate Rooster/Page_Lightning Experience  Salesforce/span_Delegate' is clicked on

2023-07-09 23:26:57 - [TEST_STEP][PASSED] - waitForElementVisible(findTestObject("Object Repository/Delegate Rooster/Page_Lightning Experience  Salesforce/h1_Delegation"), 0): Object 'Object Repository/Delegate Rooster/Page_Lightning Experience  Salesforce/h1_Delegation' is visible

2023-07-09 23:26:58 - [MESSAGE][WARNING] - Timeout '0' is invalid. Using default page load timeout: '30'

2023-07-09 23:26:58 - [MESSAGE][PASSED] - Object 'Object Repository/Delegate Rooster/Page_Lightning Experience  Salesforce/h1_Delegation' is visible

2023-07-09 23:26:58 - [TEST_STEP][PASSED] - click(findTestObject("Object Repository/Delegate Rooster/Page_Lightning Experience  Salesforce/button_HO")): Object: 'Object Repository/Delegate Rooster/Page_Lightning Experience  Salesforce/button_HO' is clicked on

2023-07-09 23:27:00 - [MESSAGE][PASSED] - Object: 'Object Repository/Delegate Rooster/Page_Lightning Experience  Salesforce/button_HO' is clicked on

2023-07-09 23:27:00 - [TEST_STEP][PASSED] - click(findTestObject("Delegate Rooster/Page_Lightning Experience  Salesforce/span_Field")): Object: 'Object Repository/Delegate Rooster/Page_Lightning Experience  Salesforce/span_Field' is clicked on

2023-07-09 23:27:01 - [MESSAGE][PASSED] - Object: 'Object Repository/Delegate Rooster/Page_Lightning Experience  Salesforce/span_Field' is clicked on

2023-07-09 23:27:01 - [TEST_STEP][PASSED] - click(findTestObject("Object Repository/Delegate Rooster/Page_Lightning Experience  Salesforce/span_Business Unit_slds-radio_faux")): Object: 'Object Repository/Delegate Rooster/Page_Lightning Experience  Salesforce/span_Business Unit_slds-radio_faux' is clicked on

2023-07-09 23:27:03 - [MESSAGE][PASSED] - Object: 'Object Repository/Delegate Rooster/Page_Lightning Experience  Salesforce/span_Business Unit_slds-radio_faux' is clicked on

2023-07-09 23:27:03 - [TEST_STEP][PASSED] - delay(6): Delayed 6 second(s)

2023-07-09 23:27:09 - [MESSAGE][PASSED] - Delayed 6 second(s)

2023-07-09 23:27:09 - [TEST_STEP][PASSED] - scrollToElement(findTestObject("Object Repository/Delegate Rooster/Page_Lightning Experience  Salesforce/span_User Type_slds-checkbox_faux"), 0): Scroll to object 'Object Repository/Delegate Rooster/Page_Lightning Experience  Salesforce/span_User Type_slds-checkbox_faux' successfully

2023-07-09 23:27:09 - [MESSAGE][WARNING] - Timeout '0' is invalid. Using default page load timeout: '30'

2023-07-09 23:27:09 - [MESSAGE][PASSED] - Scroll to object 'Object Repository/Delegate Rooster/Page_Lightning Experience  Salesforce/span_User Type_slds-checkbox_faux' successfully

2023-07-09 23:27:09 - [TEST_STEP][PASSED] - click(findTestObject("Object Repository/Delegate Rooster/Page_Lightning Experience  Salesforce/span_HO_slds-checkbox_faux")): Object: 'Object Repository/Delegate Rooster/Page_Lightning Experience  Salesforce/span_HO_slds-checkbox_faux' is clicked on

2023-07-09 23:27:10 - [MESSAGE][PASSED] - Object: 'Object Repository/Delegate Rooster/Page_Lightning Experience  Salesforce/span_HO_slds-checkbox_faux' is clicked on

2023-07-09 23:27:10 - [TEST_STEP][PASSED] - verifyElementClickable(findTestObject("Object Repository/Delegate Rooster/Page_Lightning Experience  Salesforce/button_Populate")): Object 'Object Repository/Delegate Rooster/Page_Lightning Experience  Salesforce/button_Populate' is clickable

2023-07-09 23:27:10 - [MESSAGE][PASSED] - Object 'Object Repository/Delegate Rooster/Page_Lightning Experience  Salesforce/button_Populate' is clickable

2023-07-09 23:27:10 - [TEST_STEP][PASSED] - click(findTestObject("Object Repository/Delegate Rooster/Page_Lightning Experience  Salesforce/button_Populate")): Object: 'Object Repository/Delegate Rooster/Page_Lightning Experience  Salesforce/button_Populate' is clicked on

2023-07-09 23:27:11 - [MESSAGE][PASSED] - Object: 'Object Repository/Delegate Rooster/Page_Lightning Experience  Salesforce/button_Populate' is clicked on

2023-07-09 23:27:11 - [TEST_STEP][PASSED] - verifyElementClickable(findTestObject("Object Repository/Delegate Rooster/Page_Lightning Experience  Salesforce/button_Proceed")): Object 'Object Repository/Delegate Rooster/Page_Lightning Experience  Salesforce/button_Proceed' is clickable

2023-07-09 23:27:11 - [MESSAGE][PASSED] - Object 'Object Repository/Delegate Rooster/Page_Lightning Experience  Salesforce/button_Proceed' is clickable

2023-07-09 23:27:11 - [TEST_STEP][PASSED] - click(findTestObject("Object Repository/Delegate Rooster/Page_Lightning Experience  Salesforce/button_Proceed")): Object: 'Object Repository/Delegate Rooster/Page_Lightning Experience  Salesforce/button_Proceed' is clicked on

2023-07-09 23:27:12 - [MESSAGE][PASSED] - Object: 'Object Repository/Delegate Rooster/Page_Lightning Experience  Salesforce/button_Proceed' is clicked on

2023-07-09 23:27:12 - [TEST_STEP][PASSED] - delay(6): Delayed 6 second(s)

2023-07-09 23:27:18 - [MESSAGE][PASSED] - Delayed 6 second(s)

2023-07-09 23:27:18 - [TEST_STEP][PASSED] - waitForElementVisible(findTestObject("Object Repository/New Folder/Page_SalesIQ Home  Salesforce/span_Quota Refinement"), 20): Object 'Object Repository/New Folder/Page_SalesIQ Home  Salesforce/span_Quota Refinement' is visible

2023-07-09 23:27:18 - [MESSAGE][PASSED] - Object 'Object Repository/New Folder/Page_SalesIQ Home  Salesforce/span_Quota Refinement' is visible

2023-07-09 23:27:18 - [TEST_STEP][PASSED] - delay(6): Delayed 6 second(s)

2023-07-09 23:27:24 - [MESSAGE][PASSED] - Delayed 6 second(s)]]></system-out>
         <system-err><![CDATA[]]></system-err>
      </testcase>
      <testcase name="Test Cases/Sanity/SIQ-TC-12407" time="34.146" classname="Test Cases/Sanity/SIQ-TC-12407" status="PASSED">
         <system-out><![CDATA[2023-07-09 23:27:24 - [TEST_CASE][PASSED] - Test Cases/Sanity/SIQ-TC-12407: Test Cases/Sanity/SIQ-TC-12407

2023-07-09 23:27:25 - [TEST_STEP][PASSED] - delay(6): Delayed 6 second(s)

2023-07-09 23:27:31 - [MESSAGE][PASSED] - Delayed 6 second(s)

2023-07-09 23:27:31 - [TEST_STEP][NOT_RUN] - click(findTestObject("Object Repository/System User/Page_Lightning Experience  Salesforce/lightning-primitive-icon (1)")): NOT_RUN: click(findTestObject("Object Repository/System User/Page_Lightning Experience  Salesforce/lightning-primitive-icon (1)"))

2023-07-09 23:27:31 - [MESSAGE][NOT_RUN] - NOT_RUN: click(findTestObject("Object Repository/System User/Page_Lightning Experience  Salesforce/lightning-primitive-icon (1)"))

2023-07-09 23:27:31 - [TEST_STEP][PASSED] - click(findTestObject("Object Repository/System User/Page_Lightning Experience  Salesforce/lightning-primitive-icon (1)")): Object: 'Object Repository/System User/Page_Lightning Experience  Salesforce/lightning-primitive-icon (1)' is clicked on

2023-07-09 23:27:32 - [MESSAGE][PASSED] - Object: 'Object Repository/System User/Page_Lightning Experience  Salesforce/lightning-primitive-icon (1)' is clicked on

2023-07-09 23:27:32 - [TEST_STEP][PASSED] - click(findTestObject("Object Repository/System User/Page_Lightning Experience  Salesforce/span_Delegate")): Object: 'Object Repository/System User/Page_Lightning Experience  Salesforce/span_Delegate' is clicked on

2023-07-09 23:27:32 - [MESSAGE][PASSED] - Object: 'Object Repository/System User/Page_Lightning Experience  Salesforce/span_Delegate' is clicked on

2023-07-09 23:27:32 - [TEST_STEP][PASSED] - waitForElementVisible(findTestObject("Object Repository/System User/Page_Lightning Experience  Salesforce/h1_Delegation"), 0): Object 'Object Repository/System User/Page_Lightning Experience  Salesforce/h1_Delegation' is visible

2023-07-09 23:27:32 - [MESSAGE][WARNING] - Timeout '0' is invalid. Using default page load timeout: '30'

2023-07-09 23:27:33 - [MESSAGE][PASSED] - Object 'Object Repository/System User/Page_Lightning Experience  Salesforce/h1_Delegation' is visible

2023-07-09 23:27:33 - [TEST_STEP][PASSED] - click(findTestObject("Object Repository/System User/Page_Lightning Experience  Salesforce/button_HO")): Object: 'Object Repository/System User/Page_Lightning Experience  Salesforce/button_HO' is clicked on

2023-07-09 23:27:35 - [MESSAGE][PASSED] - Object: 'Object Repository/System User/Page_Lightning Experience  Salesforce/button_HO' is clicked on

2023-07-09 23:27:35 - [TEST_STEP][PASSED] - click(findTestObject("Object Repository/System User/Page_Lightning Experience  Salesforce/span_Field")): Object: 'Object Repository/System User/Page_Lightning Experience  Salesforce/span_Field' is clicked on

2023-07-09 23:27:35 - [MESSAGE][PASSED] - Object: 'Object Repository/System User/Page_Lightning Experience  Salesforce/span_Field' is clicked on

2023-07-09 23:27:35 - [TEST_STEP][PASSED] - click(findTestObject("Object Repository/System User/Page_Lightning Experience  Salesforce/button_Roster")): Object: 'Object Repository/System User/Page_Lightning Experience  Salesforce/button_Roster' is clicked on

2023-07-09 23:27:36 - [MESSAGE][PASSED] - Object: 'Object Repository/System User/Page_Lightning Experience  Salesforce/button_Roster' is clicked on

2023-07-09 23:27:36 - [TEST_STEP][PASSED] - click(findTestObject("Object Repository/System User/Page_Lightning Experience  Salesforce/span_System")): Object: 'Object Repository/System User/Page_Lightning Experience  Salesforce/span_System' is clicked on

2023-07-09 23:27:37 - [MESSAGE][PASSED] - Object: 'Object Repository/System User/Page_Lightning Experience  Salesforce/span_System' is clicked on

2023-07-09 23:27:37 - [TEST_STEP][PASSED] - click(findTestObject("Object Repository/System User/Page_Lightning Experience  Salesforce/span_Copy")): Object: 'Object Repository/System User/Page_Lightning Experience  Salesforce/span_Copy' is clicked on

2023-07-09 23:27:37 - [MESSAGE][PASSED] - Object: 'Object Repository/System User/Page_Lightning Experience  Salesforce/span_Copy' is clicked on

2023-07-09 23:27:37 - [TEST_STEP][PASSED] - delay(6): Delayed 6 second(s)

2023-07-09 23:27:43 - [MESSAGE][PASSED] - Delayed 6 second(s)

2023-07-09 23:27:43 - [TEST_STEP][PASSED] - scrollToElement(findTestObject("Object Repository/System User/Page_Lightning Experience  Salesforce/span_User Type_slds-checkbox_faux"), 0): Scroll to object 'Object Repository/System User/Page_Lightning Experience  Salesforce/span_User Type_slds-checkbox_faux' successfully

2023-07-09 23:27:43 - [MESSAGE][WARNING] - Timeout '0' is invalid. Using default page load timeout: '30'

2023-07-09 23:27:44 - [MESSAGE][PASSED] - Scroll to object 'Object Repository/System User/Page_Lightning Experience  Salesforce/span_User Type_slds-checkbox_faux' successfully

2023-07-09 23:27:44 - [TEST_STEP][PASSED] - click(findTestObject("Object Repository/System User/Page_Lightning Experience  Salesforce/span_User Type_slds-checkbox_faux")): Object: 'Object Repository/System User/Page_Lightning Experience  Salesforce/span_User Type_slds-checkbox_faux' is clicked on

2023-07-09 23:27:44 - [MESSAGE][PASSED] - Object: 'Object Repository/System User/Page_Lightning Experience  Salesforce/span_User Type_slds-checkbox_faux' is clicked on

2023-07-09 23:27:44 - [TEST_STEP][PASSED] - verifyElementClickable(findTestObject("Object Repository/System User/Page_Lightning Experience  Salesforce/button_Populate")): Object 'Object Repository/System User/Page_Lightning Experience  Salesforce/button_Populate' is clickable

2023-07-09 23:27:45 - [MESSAGE][PASSED] - Object 'Object Repository/System User/Page_Lightning Experience  Salesforce/button_Populate' is clickable

2023-07-09 23:27:45 - [TEST_STEP][PASSED] - click(findTestObject("Object Repository/System User/Page_Lightning Experience  Salesforce/button_Populate")): Object: 'Object Repository/System User/Page_Lightning Experience  Salesforce/button_Populate' is clicked on

2023-07-09 23:27:45 - [MESSAGE][PASSED] - Object: 'Object Repository/System User/Page_Lightning Experience  Salesforce/button_Populate' is clicked on

2023-07-09 23:27:45 - [TEST_STEP][PASSED] - verifyElementClickable(findTestObject("Object Repository/System User/Page_Lightning Experience  Salesforce/button_Proceed")): Object 'Object Repository/System User/Page_Lightning Experience  Salesforce/button_Proceed' is clickable

2023-07-09 23:27:46 - [MESSAGE][PASSED] - Object 'Object Repository/System User/Page_Lightning Experience  Salesforce/button_Proceed' is clickable

2023-07-09 23:27:46 - [TEST_STEP][PASSED] - click(findTestObject("Object Repository/System User/Page_Lightning Experience  Salesforce/button_Proceed")): Object: 'Object Repository/System User/Page_Lightning Experience  Salesforce/button_Proceed' is clicked on

2023-07-09 23:27:46 - [MESSAGE][PASSED] - Object: 'Object Repository/System User/Page_Lightning Experience  Salesforce/button_Proceed' is clicked on

2023-07-09 23:27:46 - [TEST_STEP][PASSED] - delay(6): Delayed 6 second(s)

2023-07-09 23:27:52 - [MESSAGE][PASSED] - Delayed 6 second(s)

2023-07-09 23:27:52 - [TEST_STEP][PASSED] - waitForElementVisible(findTestObject("Object Repository/Delegate System/Page_SalesIQ Home  Salesforce/span_Quota Refinement"), 20): Object 'Object Repository/Delegate System/Page_SalesIQ Home  Salesforce/span_Quota Refinement' is visible

2023-07-09 23:27:52 - [MESSAGE][PASSED] - Object 'Object Repository/Delegate System/Page_SalesIQ Home  Salesforce/span_Quota Refinement' is visible

2023-07-09 23:27:52 - [TEST_STEP][PASSED] - delay(6): Delayed 6 second(s)

2023-07-09 23:27:58 - [MESSAGE][PASSED] - Delayed 6 second(s)]]></system-out>
         <system-err><![CDATA[]]></system-err>
      </testcase>
      <testcase name="Test Cases/Sanity/SIQ-TC-12409" time="0.665" classname="Test Cases/Sanity/SIQ-TC-12409" status="FAILED">
         <failure type="FAILED" message="Test Cases/Sanity/SIQ-TC-12409 FAILED.
Reason:
com.kms.katalon.core.exception.StepFailedException: Unable to click on object 'Object Repository/Approvals/Page_Lightning Experience  Salesforce/lightning-primitive-icon'
	at com.kms.katalon.core.webui.keyword.internal.WebUIKeywordMain.stepFailed(WebUIKeywordMain.groovy:64)
	at com.kms.katalon.core.webui.keyword.internal.WebUIKeywordMain.runKeyword(WebUIKeywordMain.groovy:26)
	at com.kms.katalon.core.webui.keyword.builtin.ClickKeyword.click(ClickKeyword.groovy:74)
	at com.kms.katalon.core.webui.keyword.builtin.ClickKeyword.execute(ClickKeyword.groovy:40)
	at com.kms.katalon.core.keyword.internal.KeywordExecutor.executeKeywordForPlatform(KeywordExecutor.groovy:74)
	at com.kms.katalon.core.webui.keyword.WebUiBuiltInKeywords.click(WebUiBuiltInKeywords.groovy:620)
	at com.kms.katalon.core.webui.keyword.WebUiBuiltInKeywords$click$5.call(Unknown Source)
	at SIQ-TC-12409.run(SIQ-TC-12409:22)
	at com.kms.katalon.core.main.ScriptEngine.run(ScriptEngine.java:194)
	at com.kms.katalon.core.main.ScriptEngine.runScriptAsRawText(ScriptEngine.java:119)
	at com.kms.katalon.core.main.TestCaseExecutor.runScript(TestCaseExecutor.java:448)
	at com.kms.katalon.core.main.TestCaseExecutor.doExecute(TestCaseExecutor.java:439)
	at com.kms.katalon.core.main.TestCaseExecutor.processExecutionPhase(TestCaseExecutor.java:418)
	at com.kms.katalon.core.main.TestCaseExecutor.accessMainPhase(TestCaseExecutor.java:410)
	at com.kms.katalon.core.main.TestCaseExecutor.execute(TestCaseExecutor.java:285)
	at com.kms.katalon.core.main.TestCaseExecutor.execute(TestCaseExecutor.java:369)
	at com.kms.katalon.core.main.TestCaseExecutor.execute(TestCaseExecutor.java:369)
	at com.kms.katalon.core.main.TestCaseExecutor.execute(TestCaseExecutor.java:369)
	at com.kms.katalon.core.common.CommonExecutor.accessTestCaseMainPhase(CommonExecutor.java:65)
	at com.kms.katalon.core.main.TestSuiteExecutor.accessTestSuiteMainPhase(TestSuiteExecutor.java:148)
	at com.kms.katalon.core.main.TestSuiteExecutor.execute(TestSuiteExecutor.java:106)
	at com.kms.katalon.core.main.TestCaseMain.startTestSuite(TestCaseMain.java:187)
	at com.kms.katalon.core.main.TestCaseMain$startTestSuite$0.call(Unknown Source)
	at TempTestSuite1688926969007.run(TempTestSuite1688926969007.groovy:36)
Caused by: org.openqa.selenium.ElementNotInteractableException: element not interactable
  (Session info: chrome=114.0.5735.199)
Build info: version: '3.141.59', revision: 'e82be7d358', time: '2018-11-14T08:25:53'
System info: host: 'DESKTOP-LK1RDKU', ip: '192.168.0.109', os.name: 'Windows 10', os.arch: 'amd64', os.version: '10.0', java.version: '1.8.0_362'
Driver info: com.kms.katalon.selenium.driver.CChromeDriver
Capabilities {acceptInsecureCerts: false, browserName: chrome, browserVersion: 114.0.5735.199, chrome: {chromedriverVersion: 113.0.5672.24 (65f30d4e8051..., userDataDir: C:\Users\Jalal\AppData\Loca...}, goog:chromeOptions: {debuggerAddress: localhost:52641}, javascriptEnabled: true, networkConnectionEnabled: false, pageLoadStrategy: normal, platform: WINDOWS, platformName: WINDOWS, proxy: Proxy(), setWindowRect: true, strictFileInteractability: false, timeouts: {implicit: 0, pageLoad: 300000, script: 30000}, unhandledPromptBehavior: dismiss and notify, webauthn:extension:credBlob: true, webauthn:extension:largeBlob: true, webauthn:extension:minPinLength: true, webauthn:extension:prf: true, webauthn:virtualAuthenticators: true}
Session ID: 3900a686cb3a80e345332172fa3556e9
	at org.openqa.selenium.remote.http.W3CHttpResponseCodec.createException(W3CHttpResponseCodec.java:187)
	at org.openqa.selenium.remote.http.W3CHttpResponseCodec.decode(W3CHttpResponseCodec.java:122)
	at org.openqa.selenium.remote.http.W3CHttpResponseCodec.decode(W3CHttpResponseCodec.java:49)
	at org.openqa.selenium.remote.HttpCommandExecutor.execute(HttpCommandExecutor.java:158)
	at org.openqa.selenium.remote.service.DriverCommandExecutor.execute(DriverCommandExecutor.java:83)
	at org.openqa.selenium.remote.RemoteWebDriver.execute(RemoteWebDriver.java:552)
	at com.kms.katalon.selenium.driver.CChromeDriver.execute(CChromeDriver.java:19)
	at org.openqa.selenium.remote.RemoteWebElement.execute(RemoteWebElement.java:285)
	at org.openqa.selenium.remote.RemoteWebElement.click(RemoteWebElement.java:84)
	at org.openqa.selenium.support.events.EventFiringWebDriver$EventFiringWebElement.lambda$new$0(EventFiringWebDriver.java:404)
	at com.sun.proxy.$Proxy11.click(Unknown Source)
	at org.openqa.selenium.support.events.EventFiringWebDriver$EventFiringWebElement.click(EventFiringWebDriver.java:417)
	at org.openqa.selenium.WebElement$click.call(Unknown Source)
	at com.kms.katalon.core.webui.keyword.builtin.ClickKeyword.clickUntilSuccessWithTimeout(ClickKeyword.groovy:81)
	at com.kms.katalon.core.webui.keyword.builtin.ClickKeyword.clickUntilSuccessWithTimeout(ClickKeyword.groovy)
	at com.kms.katalon.core.webui.keyword.builtin.ClickKeyword$_click_closure1.doCall(ClickKeyword.groovy:67)
	at com.kms.katalon.core.webui.keyword.builtin.ClickKeyword$_click_closure1.call(ClickKeyword.groovy)
	at com.kms.katalon.core.webui.keyword.internal.WebUIKeywordMain.runKeyword(WebUIKeywordMain.groovy:20)
	... 22 more
"/>
         <system-out><![CDATA[2023-07-09 23:28:57 - [TEST_CASE][FAILED] - Test Cases/Sanity/SIQ-TC-12409: Test Cases/Sanity/SIQ-TC-12409 FAILED.
Reason:
com.kms.katalon.core.exception.StepFailedException: Unable to click on object 'Object Repository/Approvals/Page_Lightning Experience  Salesforce/lightning-primitive-icon'
	at com.kms.katalon.core.webui.keyword.internal.WebUIKeywordMain.stepFailed(WebUIKeywordMain.groovy:64)
	at com.kms.katalon.core.webui.keyword.internal.WebUIKeywordMain.runKeyword(WebUIKeywordMain.groovy:26)
	at com.kms.katalon.core.webui.keyword.builtin.ClickKeyword.click(ClickKeyword.groovy:74)
	at com.kms.katalon.core.webui.keyword.builtin.ClickKeyword.execute(ClickKeyword.groovy:40)
	at com.kms.katalon.core.keyword.internal.KeywordExecutor.executeKeywordForPlatform(KeywordExecutor.groovy:74)
	at com.kms.katalon.core.webui.keyword.WebUiBuiltInKeywords.click(WebUiBuiltInKeywords.groovy:620)
	at com.kms.katalon.core.webui.keyword.WebUiBuiltInKeywords$click$5.call(Unknown Source)
	at SIQ-TC-12409.run(SIQ-TC-12409:22)
	at com.kms.katalon.core.main.ScriptEngine.run(ScriptEngine.java:194)
	at com.kms.katalon.core.main.ScriptEngine.runScriptAsRawText(ScriptEngine.java:119)
	at com.kms.katalon.core.main.TestCaseExecutor.runScript(TestCaseExecutor.java:448)
	at com.kms.katalon.core.main.TestCaseExecutor.doExecute(TestCaseExecutor.java:439)
	at com.kms.katalon.core.main.TestCaseExecutor.processExecutionPhase(TestCaseExecutor.java:418)
	at com.kms.katalon.core.main.TestCaseExecutor.accessMainPhase(TestCaseExecutor.java:410)
	at com.kms.katalon.core.main.TestCaseExecutor.execute(TestCaseExecutor.java:285)
	at com.kms.katalon.core.main.TestCaseExecutor.execute(TestCaseExecutor.java:369)
	at com.kms.katalon.core.main.TestCaseExecutor.execute(TestCaseExecutor.java:369)
	at com.kms.katalon.core.main.TestCaseExecutor.execute(TestCaseExecutor.java:369)
	at com.kms.katalon.core.common.CommonExecutor.accessTestCaseMainPhase(CommonExecutor.java:65)
	at com.kms.katalon.core.main.TestSuiteExecutor.accessTestSuiteMainPhase(TestSuiteExecutor.java:148)
	at com.kms.katalon.core.main.TestSuiteExecutor.execute(TestSuiteExecutor.java:106)
	at com.kms.katalon.core.main.TestCaseMain.startTestSuite(TestCaseMain.java:187)
	at com.kms.katalon.core.main.TestCaseMain$startTestSuite$0.call(Unknown Source)
	at TempTestSuite1688926969007.run(TempTestSuite1688926969007.groovy:36)
Caused by: org.openqa.selenium.ElementNotInteractableException: element not interactable
  (Session info: chrome=114.0.5735.199)
Build info: version: '3.141.59', revision: 'e82be7d358', time: '2018-11-14T08:25:53'
System info: host: 'DESKTOP-LK1RDKU', ip: '192.168.0.109', os.name: 'Windows 10', os.arch: 'amd64', os.version: '10.0', java.version: '1.8.0_362'
Driver info: com.kms.katalon.selenium.driver.CChromeDriver
Capabilities {acceptInsecureCerts: false, browserName: chrome, browserVersion: 114.0.5735.199, chrome: {chromedriverVersion: 113.0.5672.24 (65f30d4e8051..., userDataDir: C:\Users\Jalal\AppData\Loca...}, goog:chromeOptions: {debuggerAddress: localhost:52641}, javascriptEnabled: true, networkConnectionEnabled: false, pageLoadStrategy: normal, platform: WINDOWS, platformName: WINDOWS, proxy: Proxy(), setWindowRect: true, strictFileInteractability: false, timeouts: {implicit: 0, pageLoad: 300000, script: 30000}, unhandledPromptBehavior: dismiss and notify, webauthn:extension:credBlob: true, webauthn:extension:largeBlob: true, webauthn:extension:minPinLength: true, webauthn:extension:prf: true, webauthn:virtualAuthenticators: true}
Session ID: 3900a686cb3a80e345332172fa3556e9
	at org.openqa.selenium.remote.http.W3CHttpResponseCodec.createException(W3CHttpResponseCodec.java:187)
	at org.openqa.selenium.remote.http.W3CHttpResponseCodec.decode(W3CHttpResponseCodec.java:122)
	at org.openqa.selenium.remote.http.W3CHttpResponseCodec.decode(W3CHttpResponseCodec.java:49)
	at org.openqa.selenium.remote.HttpCommandExecutor.execute(HttpCommandExecutor.java:158)
	at org.openqa.selenium.remote.service.DriverCommandExecutor.execute(DriverCommandExecutor.java:83)
	at org.openqa.selenium.remote.RemoteWebDriver.execute(RemoteWebDriver.java:552)
	at com.kms.katalon.selenium.driver.CChromeDriver.execute(CChromeDriver.java:19)
	at org.openqa.selenium.remote.RemoteWebElement.execute(RemoteWebElement.java:285)
	at org.openqa.selenium.remote.RemoteWebElement.click(RemoteWebElement.java:84)
	at org.openqa.selenium.support.events.EventFiringWebDriver$EventFiringWebElement.lambda$new$0(EventFiringWebDriver.java:404)
	at com.sun.proxy.$Proxy11.click(Unknown Source)
	at org.openqa.selenium.support.events.EventFiringWebDriver$EventFiringWebElement.click(EventFiringWebDriver.java:417)
	at org.openqa.selenium.WebElement$click.call(Unknown Source)
	at com.kms.katalon.core.webui.keyword.builtin.ClickKeyword.clickUntilSuccessWithTimeout(ClickKeyword.groovy:81)
	at com.kms.katalon.core.webui.keyword.builtin.ClickKeyword.clickUntilSuccessWithTimeout(ClickKeyword.groovy)
	at com.kms.katalon.core.webui.keyword.builtin.ClickKeyword$_click_closure1.doCall(ClickKeyword.groovy:67)
	at com.kms.katalon.core.webui.keyword.builtin.ClickKeyword$_click_closure1.call(ClickKeyword.groovy)
	at com.kms.katalon.core.webui.keyword.internal.WebUIKeywordMain.runKeyword(WebUIKeywordMain.groovy:20)
	... 22 more


2023-07-09 23:28:57 - [TEST_STEP][FAILED] - click(findTestObject("Object Repository/Approvals/Page_Lightning Experience  Salesforce/lightning-primitive-icon")): Unable to click on object 'Object Repository/Approvals/Page_Lightning Experience  Salesforce/lightning-primitive-icon' (Root cause: com.kms.katalon.core.exception.StepFailedException: Unable to click on object 'Object Repository/Approvals/Page_Lightning Experience  Salesforce/lightning-primitive-icon'
	at com.kms.katalon.core.webui.keyword.internal.WebUIKeywordMain.stepFailed(WebUIKeywordMain.groovy:64)
	at com.kms.katalon.core.webui.keyword.internal.WebUIKeywordMain.runKeyword(WebUIKeywordMain.groovy:26)
	at com.kms.katalon.core.webui.keyword.builtin.ClickKeyword.click(ClickKeyword.groovy:74)
	at com.kms.katalon.core.webui.keyword.builtin.ClickKeyword.execute(ClickKeyword.groovy:40)
	at com.kms.katalon.core.keyword.internal.KeywordExecutor.executeKeywordForPlatform(KeywordExecutor.groovy:74)
	at com.kms.katalon.core.webui.keyword.WebUiBuiltInKeywords.click(WebUiBuiltInKeywords.groovy:620)
	at com.kms.katalon.core.webui.keyword.WebUiBuiltInKeywords$click$5.call(Unknown Source)
	at SIQ-TC-12409.run(SIQ-TC-12409:22)
	at com.kms.katalon.core.main.ScriptEngine.run(ScriptEngine.java:194)
	at com.kms.katalon.core.main.ScriptEngine.runScriptAsRawText(ScriptEngine.java:119)
	at com.kms.katalon.core.main.TestCaseExecutor.runScript(TestCaseExecutor.java:448)
	at com.kms.katalon.core.main.TestCaseExecutor.doExecute(TestCaseExecutor.java:439)
	at com.kms.katalon.core.main.TestCaseExecutor.processExecutionPhase(TestCaseExecutor.java:418)
	at com.kms.katalon.core.main.TestCaseExecutor.accessMainPhase(TestCaseExecutor.java:410)
	at com.kms.katalon.core.main.TestCaseExecutor.execute(TestCaseExecutor.java:285)
	at com.kms.katalon.core.main.TestCaseExecutor.execute(TestCaseExecutor.java:369)
	at com.kms.katalon.core.main.TestCaseExecutor.execute(TestCaseExecutor.java:369)
	at com.kms.katalon.core.main.TestCaseExecutor.execute(TestCaseExecutor.java:369)
	at com.kms.katalon.core.common.CommonExecutor.accessTestCaseMainPhase(CommonExecutor.java:65)
	at com.kms.katalon.core.main.TestSuiteExecutor.accessTestSuiteMainPhase(TestSuiteExecutor.java:148)
	at com.kms.katalon.core.main.TestSuiteExecutor.execute(TestSuiteExecutor.java:106)
	at com.kms.katalon.core.main.TestCaseMain.startTestSuite(TestCaseMain.java:187)
	at com.kms.katalon.core.main.TestCaseMain$startTestSuite$0.call(Unknown Source)
	at TempTestSuite1688926969007.run(TempTestSuite1688926969007.groovy:36)
Caused by: org.openqa.selenium.ElementNotInteractableException: element not interactable
  (Session info: chrome=114.0.5735.199)
Build info: version: '3.141.59', revision: 'e82be7d358', time: '2018-11-14T08:25:53'
System info: host: 'DESKTOP-LK1RDKU', ip: '192.168.0.109', os.name: 'Windows 10', os.arch: 'amd64', os.version: '10.0', java.version: '1.8.0_362'
Driver info: com.kms.katalon.selenium.driver.CChromeDriver
Capabilities {acceptInsecureCerts: false, browserName: chrome, browserVersion: 114.0.5735.199, chrome: {chromedriverVersion: 113.0.5672.24 (65f30d4e8051..., userDataDir: C:\Users\Jalal\AppData\Loca...}, goog:chromeOptions: {debuggerAddress: localhost:52641}, javascriptEnabled: true, networkConnectionEnabled: false, pageLoadStrategy: normal, platform: WINDOWS, platformName: WINDOWS, proxy: Proxy(), setWindowRect: true, strictFileInteractability: false, timeouts: {implicit: 0, pageLoad: 300000, script: 30000}, unhandledPromptBehavior: dismiss and notify, webauthn:extension:credBlob: true, webauthn:extension:largeBlob: true, webauthn:extension:minPinLength: true, webauthn:extension:prf: true, webauthn:virtualAuthenticators: true}
Session ID: 3900a686cb3a80e345332172fa3556e9
	at org.openqa.selenium.remote.http.W3CHttpResponseCodec.createException(W3CHttpResponseCodec.java:187)
	at org.openqa.selenium.remote.http.W3CHttpResponseCodec.decode(W3CHttpResponseCodec.java:122)
	at org.openqa.selenium.remote.http.W3CHttpResponseCodec.decode(W3CHttpResponseCodec.java:49)
	at org.openqa.selenium.remote.HttpCommandExecutor.execute(HttpCommandExecutor.java:158)
	at org.openqa.selenium.remote.service.DriverCommandExecutor.execute(DriverCommandExecutor.java:83)
	at org.openqa.selenium.remote.RemoteWebDriver.execute(RemoteWebDriver.java:552)
	at com.kms.katalon.selenium.driver.CChromeDriver.execute(CChromeDriver.java:19)
	at org.openqa.selenium.remote.RemoteWebElement.execute(RemoteWebElement.java:285)
	at org.openqa.selenium.remote.RemoteWebElement.click(RemoteWebElement.java:84)
	at org.openqa.selenium.support.events.EventFiringWebDriver$EventFiringWebElement.lambda$new$0(EventFiringWebDriver.java:404)
	at com.sun.proxy.$Proxy11.click(Unknown Source)
	at org.openqa.selenium.support.events.EventFiringWebDriver$EventFiringWebElement.click(EventFiringWebDriver.java:417)
	at org.openqa.selenium.WebElement$click.call(Unknown Source)
	at com.kms.katalon.core.webui.keyword.builtin.ClickKeyword.clickUntilSuccessWithTimeout(ClickKeyword.groovy:81)
	at com.kms.katalon.core.webui.keyword.builtin.ClickKeyword.clickUntilSuccessWithTimeout(ClickKeyword.groovy)
	at com.kms.katalon.core.webui.keyword.builtin.ClickKeyword$_click_closure1.doCall(ClickKeyword.groovy:67)
	at com.kms.katalon.core.webui.keyword.builtin.ClickKeyword$_click_closure1.call(ClickKeyword.groovy)
	at com.kms.katalon.core.webui.keyword.internal.WebUIKeywordMain.runKeyword(WebUIKeywordMain.groovy:20)
	at com.kms.katalon.core.webui.keyword.builtin.ClickKeyword.click(ClickKeyword.groovy:74)
	at com.kms.katalon.core.webui.keyword.builtin.ClickKeyword.execute(ClickKeyword.groovy:40)
	at com.kms.katalon.core.keyword.internal.KeywordExecutor.executeKeywordForPlatform(KeywordExecutor.groovy:74)
	at com.kms.katalon.core.webui.keyword.WebUiBuiltInKeywords.click(WebUiBuiltInKeywords.groovy:620)
	at com.kms.katalon.core.webui.keyword.WebUiBuiltInKeywords$click$5.call(Unknown Source)
	at Script1688839948935.run(Script1688839948935.groovy:22)
	... 16 more
)

2023-07-09 23:28:58 - [MESSAGE][FAILED] - Unable to click on object 'Object Repository/Approvals/Page_Lightning Experience  Salesforce/lightning-primitive-icon' (Root cause: com.kms.katalon.core.exception.StepFailedException: Unable to click on object 'Object Repository/Approvals/Page_Lightning Experience  Salesforce/lightning-primitive-icon'
	at com.kms.katalon.core.webui.keyword.internal.WebUIKeywordMain.stepFailed(WebUIKeywordMain.groovy:64)
	at com.kms.katalon.core.webui.keyword.internal.WebUIKeywordMain.runKeyword(WebUIKeywordMain.groovy:26)
	at com.kms.katalon.core.webui.keyword.builtin.ClickKeyword.click(ClickKeyword.groovy:74)
	at com.kms.katalon.core.webui.keyword.builtin.ClickKeyword.execute(ClickKeyword.groovy:40)
	at com.kms.katalon.core.keyword.internal.KeywordExecutor.executeKeywordForPlatform(KeywordExecutor.groovy:74)
	at com.kms.katalon.core.webui.keyword.WebUiBuiltInKeywords.click(WebUiBuiltInKeywords.groovy:620)
	at com.kms.katalon.core.webui.keyword.WebUiBuiltInKeywords$click$5.call(Unknown Source)
	at SIQ-TC-12409.run(SIQ-TC-12409:22)
	at com.kms.katalon.core.main.ScriptEngine.run(ScriptEngine.java:194)
	at com.kms.katalon.core.main.ScriptEngine.runScriptAsRawText(ScriptEngine.java:119)
	at com.kms.katalon.core.main.TestCaseExecutor.runScript(TestCaseExecutor.java:448)
	at com.kms.katalon.core.main.TestCaseExecutor.doExecute(TestCaseExecutor.java:439)
	at com.kms.katalon.core.main.TestCaseExecutor.processExecutionPhase(TestCaseExecutor.java:418)
	at com.kms.katalon.core.main.TestCaseExecutor.accessMainPhase(TestCaseExecutor.java:410)
	at com.kms.katalon.core.main.TestCaseExecutor.execute(TestCaseExecutor.java:285)
	at com.kms.katalon.core.main.TestCaseExecutor.execute(TestCaseExecutor.java:369)
	at com.kms.katalon.core.main.TestCaseExecutor.execute(TestCaseExecutor.java:369)
	at com.kms.katalon.core.main.TestCaseExecutor.execute(TestCaseExecutor.java:369)
	at com.kms.katalon.core.common.CommonExecutor.accessTestCaseMainPhase(CommonExecutor.java:65)
	at com.kms.katalon.core.main.TestSuiteExecutor.accessTestSuiteMainPhase(TestSuiteExecutor.java:148)
	at com.kms.katalon.core.main.TestSuiteExecutor.execute(TestSuiteExecutor.java:106)
	at com.kms.katalon.core.main.TestCaseMain.startTestSuite(TestCaseMain.java:187)
	at com.kms.katalon.core.main.TestCaseMain$startTestSuite$0.call(Unknown Source)
	at TempTestSuite1688926969007.run(TempTestSuite1688926969007.groovy:36)
Caused by: org.openqa.selenium.ElementNotInteractableException: element not interactable
  (Session info: chrome=114.0.5735.199)
Build info: version: '3.141.59', revision: 'e82be7d358', time: '2018-11-14T08:25:53'
System info: host: 'DESKTOP-LK1RDKU', ip: '192.168.0.109', os.name: 'Windows 10', os.arch: 'amd64', os.version: '10.0', java.version: '1.8.0_362'
Driver info: com.kms.katalon.selenium.driver.CChromeDriver
Capabilities {acceptInsecureCerts: false, browserName: chrome, browserVersion: 114.0.5735.199, chrome: {chromedriverVersion: 113.0.5672.24 (65f30d4e8051..., userDataDir: C:\Users\Jalal\AppData\Loca...}, goog:chromeOptions: {debuggerAddress: localhost:52641}, javascriptEnabled: true, networkConnectionEnabled: false, pageLoadStrategy: normal, platform: WINDOWS, platformName: WINDOWS, proxy: Proxy(), setWindowRect: true, strictFileInteractability: false, timeouts: {implicit: 0, pageLoad: 300000, script: 30000}, unhandledPromptBehavior: dismiss and notify, webauthn:extension:credBlob: true, webauthn:extension:largeBlob: true, webauthn:extension:minPinLength: true, webauthn:extension:prf: true, webauthn:virtualAuthenticators: true}
Session ID: 3900a686cb3a80e345332172fa3556e9
	at org.openqa.selenium.remote.http.W3CHttpResponseCodec.createException(W3CHttpResponseCodec.java:187)
	at org.openqa.selenium.remote.http.W3CHttpResponseCodec.decode(W3CHttpResponseCodec.java:122)
	at org.openqa.selenium.remote.http.W3CHttpResponseCodec.decode(W3CHttpResponseCodec.java:49)
	at org.openqa.selenium.remote.HttpCommandExecutor.execute(HttpCommandExecutor.java:158)
	at org.openqa.selenium.remote.service.DriverCommandExecutor.execute(DriverCommandExecutor.java:83)
	at org.openqa.selenium.remote.RemoteWebDriver.execute(RemoteWebDriver.java:552)
	at com.kms.katalon.selenium.driver.CChromeDriver.execute(CChromeDriver.java:19)
	at org.openqa.selenium.remote.RemoteWebElement.execute(RemoteWebElement.java:285)
	at org.openqa.selenium.remote.RemoteWebElement.click(RemoteWebElement.java:84)
	at org.openqa.selenium.support.events.EventFiringWebDriver$EventFiringWebElement.lambda$new$0(EventFiringWebDriver.java:404)
	at com.sun.proxy.$Proxy11.click(Unknown Source)
	at org.openqa.selenium.support.events.EventFiringWebDriver$EventFiringWebElement.click(EventFiringWebDriver.java:417)
	at org.openqa.selenium.WebElement$click.call(Unknown Source)
	at com.kms.katalon.core.webui.keyword.builtin.ClickKeyword.clickUntilSuccessWithTimeout(ClickKeyword.groovy:81)
	at com.kms.katalon.core.webui.keyword.builtin.ClickKeyword.clickUntilSuccessWithTimeout(ClickKeyword.groovy)
	at com.kms.katalon.core.webui.keyword.builtin.ClickKeyword$_click_closure1.doCall(ClickKeyword.groovy:67)
	at com.kms.katalon.core.webui.keyword.builtin.ClickKeyword$_click_closure1.call(ClickKeyword.groovy)
	at com.kms.katalon.core.webui.keyword.internal.WebUIKeywordMain.runKeyword(WebUIKeywordMain.groovy:20)
	at com.kms.katalon.core.webui.keyword.builtin.ClickKeyword.click(ClickKeyword.groovy:74)
	at com.kms.katalon.core.webui.keyword.builtin.ClickKeyword.execute(ClickKeyword.groovy:40)
	at com.kms.katalon.core.keyword.internal.KeywordExecutor.executeKeywordForPlatform(KeywordExecutor.groovy:74)
	at com.kms.katalon.core.webui.keyword.WebUiBuiltInKeywords.click(WebUiBuiltInKeywords.groovy:620)
	at com.kms.katalon.core.webui.keyword.WebUiBuiltInKeywords$click$5.call(Unknown Source)
	at Script1688839948935.run(Script1688839948935.groovy:22)
	... 16 more
)
[[ATTACHMENT|C:\\Users\\Jalal\\git\\XtriaSuit\\Reports\\20230709_232249\\Sanity\\20230709_232249\\1688927338497.png]]]]></system-out>
         <system-err><![CDATA[2023-07-09 23:28:57 - [TEST_CASE][FAILED] - Test Cases/Sanity/SIQ-TC-12409: Test Cases/Sanity/SIQ-TC-12409 FAILED.
Reason:
com.kms.katalon.core.exception.StepFailedException: Unable to click on object 'Object Repository/Approvals/Page_Lightning Experience  Salesforce/lightning-primitive-icon'
	at com.kms.katalon.core.webui.keyword.internal.WebUIKeywordMain.stepFailed(WebUIKeywordMain.groovy:64)
	at com.kms.katalon.core.webui.keyword.internal.WebUIKeywordMain.runKeyword(WebUIKeywordMain.groovy:26)
	at com.kms.katalon.core.webui.keyword.builtin.ClickKeyword.click(ClickKeyword.groovy:74)
	at com.kms.katalon.core.webui.keyword.builtin.ClickKeyword.execute(ClickKeyword.groovy:40)
	at com.kms.katalon.core.keyword.internal.KeywordExecutor.executeKeywordForPlatform(KeywordExecutor.groovy:74)
	at com.kms.katalon.core.webui.keyword.WebUiBuiltInKeywords.click(WebUiBuiltInKeywords.groovy:620)
	at com.kms.katalon.core.webui.keyword.WebUiBuiltInKeywords$click$5.call(Unknown Source)
	at SIQ-TC-12409.run(SIQ-TC-12409:22)
	at com.kms.katalon.core.main.ScriptEngine.run(ScriptEngine.java:194)
	at com.kms.katalon.core.main.ScriptEngine.runScriptAsRawText(ScriptEngine.java:119)
	at com.kms.katalon.core.main.TestCaseExecutor.runScript(TestCaseExecutor.java:448)
	at com.kms.katalon.core.main.TestCaseExecutor.doExecute(TestCaseExecutor.java:439)
	at com.kms.katalon.core.main.TestCaseExecutor.processExecutionPhase(TestCaseExecutor.java:418)
	at com.kms.katalon.core.main.TestCaseExecutor.accessMainPhase(TestCaseExecutor.java:410)
	at com.kms.katalon.core.main.TestCaseExecutor.execute(TestCaseExecutor.java:285)
	at com.kms.katalon.core.main.TestCaseExecutor.execute(TestCaseExecutor.java:369)
	at com.kms.katalon.core.main.TestCaseExecutor.execute(TestCaseExecutor.java:369)
	at com.kms.katalon.core.main.TestCaseExecutor.execute(TestCaseExecutor.java:369)
	at com.kms.katalon.core.common.CommonExecutor.accessTestCaseMainPhase(CommonExecutor.java:65)
	at com.kms.katalon.core.main.TestSuiteExecutor.accessTestSuiteMainPhase(TestSuiteExecutor.java:148)
	at com.kms.katalon.core.main.TestSuiteExecutor.execute(TestSuiteExecutor.java:106)
	at com.kms.katalon.core.main.TestCaseMain.startTestSuite(TestCaseMain.java:187)
	at com.kms.katalon.core.main.TestCaseMain$startTestSuite$0.call(Unknown Source)
	at TempTestSuite1688926969007.run(TempTestSuite1688926969007.groovy:36)
Caused by: org.openqa.selenium.ElementNotInteractableException: element not interactable
  (Session info: chrome=114.0.5735.199)
Build info: version: '3.141.59', revision: 'e82be7d358', time: '2018-11-14T08:25:53'
System info: host: 'DESKTOP-LK1RDKU', ip: '192.168.0.109', os.name: 'Windows 10', os.arch: 'amd64', os.version: '10.0', java.version: '1.8.0_362'
Driver info: com.kms.katalon.selenium.driver.CChromeDriver
Capabilities {acceptInsecureCerts: false, browserName: chrome, browserVersion: 114.0.5735.199, chrome: {chromedriverVersion: 113.0.5672.24 (65f30d4e8051..., userDataDir: C:\Users\Jalal\AppData\Loca...}, goog:chromeOptions: {debuggerAddress: localhost:52641}, javascriptEnabled: true, networkConnectionEnabled: false, pageLoadStrategy: normal, platform: WINDOWS, platformName: WINDOWS, proxy: Proxy(), setWindowRect: true, strictFileInteractability: false, timeouts: {implicit: 0, pageLoad: 300000, script: 30000}, unhandledPromptBehavior: dismiss and notify, webauthn:extension:credBlob: true, webauthn:extension:largeBlob: true, webauthn:extension:minPinLength: true, webauthn:extension:prf: true, webauthn:virtualAuthenticators: true}
Session ID: 3900a686cb3a80e345332172fa3556e9
	at org.openqa.selenium.remote.http.W3CHttpResponseCodec.createException(W3CHttpResponseCodec.java:187)
	at org.openqa.selenium.remote.http.W3CHttpResponseCodec.decode(W3CHttpResponseCodec.java:122)
	at org.openqa.selenium.remote.http.W3CHttpResponseCodec.decode(W3CHttpResponseCodec.java:49)
	at org.openqa.selenium.remote.HttpCommandExecutor.execute(HttpCommandExecutor.java:158)
	at org.openqa.selenium.remote.service.DriverCommandExecutor.execute(DriverCommandExecutor.java:83)
	at org.openqa.selenium.remote.RemoteWebDriver.execute(RemoteWebDriver.java:552)
	at com.kms.katalon.selenium.driver.CChromeDriver.execute(CChromeDriver.java:19)
	at org.openqa.selenium.remote.RemoteWebElement.execute(RemoteWebElement.java:285)
	at org.openqa.selenium.remote.RemoteWebElement.click(RemoteWebElement.java:84)
	at org.openqa.selenium.support.events.EventFiringWebDriver$EventFiringWebElement.lambda$new$0(EventFiringWebDriver.java:404)
	at com.sun.proxy.$Proxy11.click(Unknown Source)
	at org.openqa.selenium.support.events.EventFiringWebDriver$EventFiringWebElement.click(EventFiringWebDriver.java:417)
	at org.openqa.selenium.WebElement$click.call(Unknown Source)
	at com.kms.katalon.core.webui.keyword.builtin.ClickKeyword.clickUntilSuccessWithTimeout(ClickKeyword.groovy:81)
	at com.kms.katalon.core.webui.keyword.builtin.ClickKeyword.clickUntilSuccessWithTimeout(ClickKeyword.groovy)
	at com.kms.katalon.core.webui.keyword.builtin.ClickKeyword$_click_closure1.doCall(ClickKeyword.groovy:67)
	at com.kms.katalon.core.webui.keyword.builtin.ClickKeyword$_click_closure1.call(ClickKeyword.groovy)
	at com.kms.katalon.core.webui.keyword.internal.WebUIKeywordMain.runKeyword(WebUIKeywordMain.groovy:20)
	... 22 more]]></system-err>
      </testcase>
      <system-out><![CDATA[2023-07-09 23:22:53 - [TEST_SUITE][FAILED] - Sanity: Test Cases/Sanity/SIQ-TC-12409 FAILED.
Reason:
com.kms.katalon.core.exception.StepFailedException: Unable to click on object 'Object Repository/Approvals/Page_Lightning Experience  Salesforce/button_Submit'
	at com.kms.katalon.core.webui.keyword.internal.WebUIKeywordMain.stepFailed(WebUIKeywordMain.groovy:64)
	at com.kms.katalon.core.webui.keyword.internal.WebUIKeywordMain.runKeyword(WebUIKeywordMain.groovy:26)
	at com.kms.katalon.core.webui.keyword.builtin.ClickKeyword.click(ClickKeyword.groovy:74)
	at com.kms.katalon.core.webui.keyword.builtin.ClickKeyword.execute(ClickKeyword.groovy:40)
	at com.kms.katalon.core.keyword.internal.KeywordExecutor.executeKeywordForPlatform(KeywordExecutor.groovy:74)
	at com.kms.katalon.core.webui.keyword.WebUiBuiltInKeywords.click(WebUiBuiltInKeywords.groovy:620)
	at com.kms.katalon.core.webui.keyword.WebUiBuiltInKeywords$click$5.call(Unknown Source)
	at SIQ-TC-12409.run(SIQ-TC-12409:133)
	at com.kms.katalon.core.main.ScriptEngine.run(ScriptEngine.java:194)
	at com.kms.katalon.core.main.ScriptEngine.runScriptAsRawText(ScriptEngine.java:119)
	at com.kms.katalon.core.main.TestCaseExecutor.runScript(TestCaseExecutor.java:448)
	at com.kms.katalon.core.main.TestCaseExecutor.doExecute(TestCaseExecutor.java:439)
	at com.kms.katalon.core.main.TestCaseExecutor.processExecutionPhase(TestCaseExecutor.java:418)
	at com.kms.katalon.core.main.TestCaseExecutor.accessMainPhase(TestCaseExecutor.java:410)
	at com.kms.katalon.core.main.TestCaseExecutor.execute(TestCaseExecutor.java:285)
	at com.kms.katalon.core.common.CommonExecutor.accessTestCaseMainPhase(CommonExecutor.java:65)
	at com.kms.katalon.core.main.TestSuiteExecutor.accessTestSuiteMainPhase(TestSuiteExecutor.java:148)
	at com.kms.katalon.core.main.TestSuiteExecutor.execute(TestSuiteExecutor.java:106)
	at com.kms.katalon.core.main.TestCaseMain.startTestSuite(TestCaseMain.java:187)
	at com.kms.katalon.core.main.TestCaseMain$startTestSuite$0.call(Unknown Source)
	at TempTestSuite1688926969007.run(TempTestSuite1688926969007.groovy:36)
Caused by: org.openqa.selenium.ElementNotInteractableException: element not interactable
  (Session info: chrome=114.0.5735.199)
Build info: version: '3.141.59', revision: 'e82be7d358', time: '2018-11-14T08:25:53'
System info: host: 'DESKTOP-LK1RDKU', ip: '192.168.0.109', os.name: 'Windows 10', os.arch: 'amd64', os.version: '10.0', java.version: '1.8.0_362'
Driver info: com.kms.katalon.selenium.driver.CChromeDriver
Capabilities {acceptInsecureCerts: false, browserName: chrome, browserVersion: 114.0.5735.199, chrome: {chromedriverVersion: 113.0.5672.24 (65f30d4e8051..., userDataDir: C:\Users\Jalal\AppData\Loca...}, goog:chromeOptions: {debuggerAddress: localhost:52641}, javascriptEnabled: true, networkConnectionEnabled: false, pageLoadStrategy: normal, platform: WINDOWS, platformName: WINDOWS, proxy: Proxy(), setWindowRect: true, strictFileInteractability: false, timeouts: {implicit: 0, pageLoad: 300000, script: 30000}, unhandledPromptBehavior: dismiss and notify, webauthn:extension:credBlob: true, webauthn:extension:largeBlob: true, webauthn:extension:minPinLength: true, webauthn:extension:prf: true, webauthn:virtualAuthenticators: true}
Session ID: 3900a686cb3a80e345332172fa3556e9
	at org.openqa.selenium.remote.http.W3CHttpResponseCodec.createException(W3CHttpResponseCodec.java:187)
	at org.openqa.selenium.remote.http.W3CHttpResponseCodec.decode(W3CHttpResponseCodec.java:122)
	at org.openqa.selenium.remote.http.W3CHttpResponseCodec.decode(W3CHttpResponseCodec.java:49)
	at org.openqa.selenium.remote.HttpCommandExecutor.execute(HttpCommandExecutor.java:158)
	at org.openqa.selenium.remote.service.DriverCommandExecutor.execute(DriverCommandExecutor.java:83)
	at org.openqa.selenium.remote.RemoteWebDriver.execute(RemoteWebDriver.java:552)
	at com.kms.katalon.selenium.driver.CChromeDriver.execute(CChromeDriver.java:19)
	at org.openqa.selenium.remote.RemoteWebElement.execute(RemoteWebElement.java:285)
	at org.openqa.selenium.remote.RemoteWebElement.click(RemoteWebElement.java:84)
	at org.openqa.selenium.support.events.EventFiringWebDriver$EventFiringWebElement.lambda$new$0(EventFiringWebDriver.java:404)
	at com.sun.proxy.$Proxy11.click(Unknown Source)
	at org.openqa.selenium.support.events.EventFiringWebDriver$EventFiringWebElement.click(EventFiringWebDriver.java:417)
	at org.openqa.selenium.WebElement$click.call(Unknown Source)
	at com.kms.katalon.core.webui.keyword.builtin.ClickKeyword.clickUntilSuccessWithTimeout(ClickKeyword.groovy:81)
	at com.kms.katalon.core.webui.keyword.builtin.ClickKeyword.clickUntilSuccessWithTimeout(ClickKeyword.groovy)
	at com.kms.katalon.core.webui.keyword.builtin.ClickKeyword$_click_closure1.doCall(ClickKeyword.groovy:67)
	at com.kms.katalon.core.webui.keyword.builtin.ClickKeyword$_click_closure1.call(ClickKeyword.groovy)
	at com.kms.katalon.core.webui.keyword.internal.WebUIKeywordMain.runKeyword(WebUIKeywordMain.groovy:20)
	... 19 more]]></system-out>
      <system-err><![CDATA[2023-07-09 23:22:53 - [TEST_SUITE][FAILED] - Sanity: Test Cases/Sanity/SIQ-TC-12409 FAILED.
Reason:
com.kms.katalon.core.exception.StepFailedException: Unable to click on object 'Object Repository/Approvals/Page_Lightning Experience  Salesforce/button_Submit'
	at com.kms.katalon.core.webui.keyword.internal.WebUIKeywordMain.stepFailed(WebUIKeywordMain.groovy:64)
	at com.kms.katalon.core.webui.keyword.internal.WebUIKeywordMain.runKeyword(WebUIKeywordMain.groovy:26)
	at com.kms.katalon.core.webui.keyword.builtin.ClickKeyword.click(ClickKeyword.groovy:74)
	at com.kms.katalon.core.webui.keyword.builtin.ClickKeyword.execute(ClickKeyword.groovy:40)
	at com.kms.katalon.core.keyword.internal.KeywordExecutor.executeKeywordForPlatform(KeywordExecutor.groovy:74)
	at com.kms.katalon.core.webui.keyword.WebUiBuiltInKeywords.click(WebUiBuiltInKeywords.groovy:620)
	at com.kms.katalon.core.webui.keyword.WebUiBuiltInKeywords$click$5.call(Unknown Source)
	at SIQ-TC-12409.run(SIQ-TC-12409:133)
	at com.kms.katalon.core.main.ScriptEngine.run(ScriptEngine.java:194)
	at com.kms.katalon.core.main.ScriptEngine.runScriptAsRawText(ScriptEngine.java:119)
	at com.kms.katalon.core.main.TestCaseExecutor.runScript(TestCaseExecutor.java:448)
	at com.kms.katalon.core.main.TestCaseExecutor.doExecute(TestCaseExecutor.java:439)
	at com.kms.katalon.core.main.TestCaseExecutor.processExecutionPhase(TestCaseExecutor.java:418)
	at com.kms.katalon.core.main.TestCaseExecutor.accessMainPhase(TestCaseExecutor.java:410)
	at com.kms.katalon.core.main.TestCaseExecutor.execute(TestCaseExecutor.java:285)
	at com.kms.katalon.core.common.CommonExecutor.accessTestCaseMainPhase(CommonExecutor.java:65)
	at com.kms.katalon.core.main.TestSuiteExecutor.accessTestSuiteMainPhase(TestSuiteExecutor.java:148)
	at com.kms.katalon.core.main.TestSuiteExecutor.execute(TestSuiteExecutor.java:106)
	at com.kms.katalon.core.main.TestCaseMain.startTestSuite(TestCaseMain.java:187)
	at com.kms.katalon.core.main.TestCaseMain$startTestSuite$0.call(Unknown Source)
	at TempTestSuite1688926969007.run(TempTestSuite1688926969007.groovy:36)
Caused by: org.openqa.selenium.ElementNotInteractableException: element not interactable
  (Session info: chrome=114.0.5735.199)
Build info: version: '3.141.59', revision: 'e82be7d358', time: '2018-11-14T08:25:53'
System info: host: 'DESKTOP-LK1RDKU', ip: '192.168.0.109', os.name: 'Windows 10', os.arch: 'amd64', os.version: '10.0', java.version: '1.8.0_362'
Driver info: com.kms.katalon.selenium.driver.CChromeDriver
Capabilities {acceptInsecureCerts: false, browserName: chrome, browserVersion: 114.0.5735.199, chrome: {chromedriverVersion: 113.0.5672.24 (65f30d4e8051..., userDataDir: C:\Users\Jalal\AppData\Loca...}, goog:chromeOptions: {debuggerAddress: localhost:52641}, javascriptEnabled: true, networkConnectionEnabled: false, pageLoadStrategy: normal, platform: WINDOWS, platformName: WINDOWS, proxy: Proxy(), setWindowRect: true, strictFileInteractability: false, timeouts: {implicit: 0, pageLoad: 300000, script: 30000}, unhandledPromptBehavior: dismiss and notify, webauthn:extension:credBlob: true, webauthn:extension:largeBlob: true, webauthn:extension:minPinLength: true, webauthn:extension:prf: true, webauthn:virtualAuthenticators: true}
Session ID: 3900a686cb3a80e345332172fa3556e9
	at org.openqa.selenium.remote.http.W3CHttpResponseCodec.createException(W3CHttpResponseCodec.java:187)
	at org.openqa.selenium.remote.http.W3CHttpResponseCodec.decode(W3CHttpResponseCodec.java:122)
	at org.openqa.selenium.remote.http.W3CHttpResponseCodec.decode(W3CHttpResponseCodec.java:49)
	at org.openqa.selenium.remote.HttpCommandExecutor.execute(HttpCommandExecutor.java:158)
	at org.openqa.selenium.remote.service.DriverCommandExecutor.execute(DriverCommandExecutor.java:83)
	at org.openqa.selenium.remote.RemoteWebDriver.execute(RemoteWebDriver.java:552)
	at com.kms.katalon.selenium.driver.CChromeDriver.execute(CChromeDriver.java:19)
	at org.openqa.selenium.remote.RemoteWebElement.execute(RemoteWebElement.java:285)
	at org.openqa.selenium.remote.RemoteWebElement.click(RemoteWebElement.java:84)
	at org.openqa.selenium.support.events.EventFiringWebDriver$EventFiringWebElement.lambda$new$0(EventFiringWebDriver.java:404)
	at com.sun.proxy.$Proxy11.click(Unknown Source)
	at org.openqa.selenium.support.events.EventFiringWebDriver$EventFiringWebElement.click(EventFiringWebDriver.java:417)
	at org.openqa.selenium.WebElement$click.call(Unknown Source)
	at com.kms.katalon.core.webui.keyword.builtin.ClickKeyword.clickUntilSuccessWithTimeout(ClickKeyword.groovy:81)
	at com.kms.katalon.core.webui.keyword.builtin.ClickKeyword.clickUntilSuccessWithTimeout(ClickKeyword.groovy)
	at com.kms.katalon.core.webui.keyword.builtin.ClickKeyword$_click_closure1.doCall(ClickKeyword.groovy:67)
	at com.kms.katalon.core.webui.keyword.builtin.ClickKeyword$_click_closure1.call(ClickKeyword.groovy)
	at com.kms.katalon.core.webui.keyword.internal.WebUIKeywordMain.runKeyword(WebUIKeywordMain.groovy:20)
	... 19 more]]></system-err>
   </testsuite>
</testsuites>
